blk00003 31.7364 45.4208 -49.58
blk00005 31.9445 45.4375 -50.24
blk00007 32.1792 45.4325 -51.67
blk00011 32.2755 45.2625 -49.23
blk00016 32.5673 45.2792 -45.49
blk00019 32.8042 45.2524 -49.26
blk00021 32.9851 45.1958 -48.48
blk00023 33.1875 45.0807 -51.52
blk00025 33.3125 44.9528 -49.46
blk00027 33.4505 44.8208 -47.28
blk00029 33.4903 44.6542 -53.00
blk00032 33.5042 44.4901 -64.52
blk00034 33.6958 44.4162 -130.86
blk00038 34.1441 44.4458 -63.30
blk00041 34.3707 44.5542 -50.47
blk00044 34.5125 44.7223 -59.31
blk00047 34.7792 44.7654 -52.20
blk00052 35.2442 44.8542 -50.26
blk00055 35.4792 44.8058 -51.03
blk00058 35.6708 44.8677 -49.17
blk00060 35.9168 44.8958 -51.43
blk00062 36.1458 44.9260 -48.72
blk00064 36.3458 44.8655 -51.60
blk00067 36.6375 44.8278 -49.45
blk00070 36.9292 44.8824 -51.16
blk00073 37.2010 44.8542 -48.00
blk00075 37.3708 44.7236 -55.30
blk00078 37.6542 44.6439 -49.08
blk00080 37.8958 44.5816 -51.49
blk00082 38.0625 44.4682 -43.34
blk00084 38.2542 44.3714 -51.25
blk00086 38.4792 44.3298 -50.70
blk00088 38.7086 44.2625 -46.64
blk00090 38.9039 44.1458 -49.78
blk00092 39.0792 44.0332 -53.77
blk00096 39.4293 43.8208 -52.41
blk00098 39.5208 43.6840 -45.28
blk00100 39.6708 43.5752 -43.95
blk00103 39.8580 43.4458 -60.06
blk00105 40.0792 43.3638 -58.14
blk00110 40.4708 43.0982 -53.66
blk00112 40.6625 43.0103 -44.55
blk00117 40.8754 43.0458 -61.71
blk00121 41.1292 42.8043 -50.52
blk00123 41.3402 42.7208 -52.08
blk00125 41.4211 42.5542 -50.20
blk00127 41.4792 42.3940 -48.51
blk00130 41.6155 42.2292 -62.58
blk00132 41.6542 42.0852 -44.05
blk00134 41.7435 41.9292 -43.46
blk00136 41.7208 41.7710 -48.00
blk00143 41.2798 41.3708 -52.76
blk00148 40.7958 41.1599 -91.33
blk00153 40.2958 40.9760 -69.90
blk00155 40.0769 40.9375 -68.76
blk00157 39.8458 40.9867 -52.51
blk00159 39.6208 41.0112 -76.37
blk00164 39.2208 41.0828 -40.37
blk00168 38.8382 41.0208 -51.30
blk00170 38.6458 40.9795 -45.77
blk00172 38.4208 40.9219 -43.32
blk00176 37.9875 40.9920 -62.26
blk00179 37.7945 41.0958 -59.64
blk00183 37.5292 41.0285 -54.56
blk00188 37.1375 41.2211 -49.74
blk00190 36.9875 41.3404 -46.33
blk00192 36.7875 41.4292 -49.81
blk00194 36.5625 41.3606 -53.59
blk00196 36.3458 41.3738 -48.98
blk00198 36.2421 41.5208 -53.51
blk00201 36.0958 41.7021 -54.43
blk00203 35.9302 41.7625 -47.32
blk00205 35.7080 41.7375 -54.78
blk00209 35.4375 41.6989 -45.83
blk00212 35.2458 41.8298 -49.49
blk00215 35.2178 42.0125 -58.00
blk00218 34.9625 42.1133 -47.40
blk00220 34.8208 42.0100 -52.25
blk00222 34.5875 41.9805 -48.93
blk00224 34.3542 41.9788 -50.85
blk00226 34.1395 42.0292 -45.15
blk00229 33.9208 41.9920 -64.83
blk00231 33.6958 42.0081 -41.62
blk00234 33.4292 42.0506 -68.20
blk00236 33.2188 42.0042 -56.56
blk00238 33.0125 41.9534 -51.53
blk00240 32.8042 41.8840 -59.58
blk00242 32.5957 41.8542 -49.94
blk00244 32.4168 41.7958 -40.41
blk00247 32.1841 41.6708 -66.80
blk00249 31.9976 41.5792 -57.29
blk00252 31.7625 41.4601 -91.34
blk00254 31.5708 41.3918 -54.53
blk00259 31.2208 41.1639 -47.91
blk00261 30.9958 41.1190 -52.44
blk00264 30.7292 41.1359 -57.76
blk00266 30.5208 41.1869 -50.61
blk00268 30.3042 41.2411 -45.48
blk00271 30.0292 41.2090 -59.04
blk00273 29.8460 41.2125 -49.81
blk00275 29.6208 41.2192 -49.12
blk00278 29.4144 41.2375 -50.99
blk00280 29.1875 41.2636 -49.69
blk00282 28.9625 41.2994 -46.33
blk00284 28.7708 41.3450 -51.24
blk00286 28.5625 41.4331 -44.24
blk00288 28.3542 41.5050 -50.26
blk00291 28.1958 41.6325 -47.12
blk00293 28.0958 41.7662 -43.64
blk00296 28.1087 41.9375 -56.22
blk00299 28.0042 42.1048 -49.16
blk00304 28.0710 42.2708 -49.80
blk00306 28.0153 42.4375 -43.13
blk00308 28.0337 42.5875 -51.47
blk00311 28.0958 42.7709 -50.03
blk00313 28.2012 42.9292 -51.53
blk00315 28.3145 43.0792 -48.83
blk00318 28.4375 43.2233 -50.63
blk00321 28.6151 43.3625 -48.39
blk00326 28.6542 43.5470 -50.64
blk00328 28.7458 43.6796 -50.02
blk00330 28.9458 43.7445 -49.57
blk00332 29.0125 43.8884 -50.10
blk00337 29.1542 44.0274 -49.87
blk00341 29.3582 44.1708 -49.55
blk00344 29.3647 44.3542 -49.60
blk00349 29.4325 44.5125 -49.07
blk00352 29.6375 44.6487 -50.83
blk00355 29.8458 44.7252 -49.77
blk00359 30.1042 44.7894 -49.48
blk00362 30.3208 44.8923 -49.05
blk00364 30.5125 44.9615 -49.43
blk00367 30.8042 44.9568 -50.28
blk00370 31.0841 45.0125 -48.86
blk00379 31.2082 45.3042 -49.79
blk00382 31.4759 45.3792 -50.56
blk00385 29.1375 41.2358 -46.00
med00354 -5.4167 36.1578 -48.51
med00368 19.3701 41.0750 -52.05
med00374 19.3219 40.8917 -47.08
med00380 19.2721 40.7167 -47.03
med00386 19.2750 40.5312 -51.74
med00393 19.3333 40.3673 -55.43
med00401 19.4500 40.2202 -83.73
med00418 19.8515 40.0333 -55.12
med00425 19.9459 39.8750 -51.58
med00439 19.7378 39.8417 -48.86
med00447 19.5298 39.8000 -54.50
med00471 19.6667 39.6751 -50.61
med00487 19.9417 39.3973 -41.13
med00496 20.1417 39.3123 -61.04
med00552 20.3583 39.2693 -62.54
med00560 20.5250 39.1592 -50.92
med00569 20.6895 39.0417 -45.82
med00576 20.6796 38.8667 -44.55
med00584 20.5667 38.7194 -41.84
med00628 20.9298 38.5667 -67.56
med00642 20.9833 38.3847 -66.48
med00657 21.1417 38.2608 -53.26
med00666 21.3083 38.1443 -50.36
med00674 21.2000 37.9922 -49.84
med00690 21.2583 37.7417 -50.09
med00698 21.3750 37.6027 -54.95
med00706 21.5644 37.5167 -41.08
med00715 21.6730 37.3500 -44.11
med00722 21.5667 37.2008 -44.53
med00728 21.5417 37.0368 -78.07
med00736 21.6750 36.9065 -56.76
med00764 21.9417 36.7411 -49.39
med00772 21.9555 36.9333 -57.73
med00780 22.1439 37.0000 -66.34
med00794 22.3344 36.7083 -65.82
med00800 22.3452 36.5250 -116.45
med00808 22.4917 36.3874 -90.93
med00825 22.6000 36.7723 -41.93
med00833 22.7917 36.7179 -53.65
med00841 22.9083 36.5823 -45.50
med00873 23.0466 36.7083 -59.59
med00882 23.0261 36.9333 -40.66
med00888 22.9721 37.0917 -118.39
med00895 22.8833 37.2415 -41.09
med00912 22.9167 37.5170 -57.11
med00921 23.1029 37.4333 -58.63
med00944 23.2917 37.3181 -64.68
med00952 23.5083 37.3244 -49.84
med00979 23.4926 37.4917 -49.02
med01001 23.2000 37.6046 -143.08
med01011 23.1833 37.7776 -62.77
med01020 23.0167 37.8819 -50.89
med01027 23.2083 37.9483 -46.08
med01048 23.6333 37.9106 -58.22
med01056 23.7583 37.7595 -54.57
med01066 23.9333 37.6451 -60.03
med01087 24.0660 37.8583 -55.10
med01094 24.0583 38.0226 -48.40
med01106 24.1094 38.1833 -42.90
med01119 24.2667 38.0771 -67.07
med01135 24.4528 37.9750 -53.84
med01154 24.3894 38.1667 -68.60
med01168 24.2014 38.4750 -42.77
med01178 24.1500 38.6543 -97.63
med01184 23.9333 38.6651 -75.25
med01216 23.2250 39.0334 -46.97
med01294 23.2795 39.3167 -96.57
med01303 23.1333 39.4599 -42.14
med01317 22.8930 39.7333 -46.53
med01325 22.7833 39.8731 -52.23
med01333 22.6667 40.0162 -49.52
med01341 22.6666 40.1917 -50.01
med01350 22.8346 40.3083 -49.76
med01362 23.0667 40.2751 -50.11
med01369 23.2750 40.2027 -52.49
med01378 23.3236 40.0333 -48.79
med01386 23.5083 39.9503 -52.46
med01393 23.7333 39.9165 -56.30
med01403 23.5099 40.0333 -42.28
med01419 23.4980 40.2417 -41.65
med01427 23.7059 40.1667 -40.98
med01441 23.9667 39.9414 -42.61
med01448 23.9917 40.1132 -62.36
med01454 23.8333 40.1907 -57.44
med01462 23.7333 40.3288 -60.09
med01473 23.9500 40.3525 -85.50
med01481 24.1583 40.2755 -54.32
med01501 24.2631 40.3000 -82.72
med01510 24.0551 40.4000 -60.93
med01524 23.8367 40.4917 -41.07
med01536 23.8417 40.6733 -50.25
med01554 24.0667 40.7090 -54.43
med01562 24.2917 40.7674 -50.01
med01576 24.4855 40.6917 -50.54
med01592 24.7917 40.6849 -49.67
med01600 24.9605 40.7917 -49.82
med01609 25.1917 40.8052 -49.27
med01616 25.4167 40.8452 -52.81
med01624 25.6333 40.7755 -50.08
med01634 25.6123 40.6083 -51.57
med01644 25.8250 40.5467 -49.00
med01654 26.0500 40.5446 -51.71
med01664 26.2750 40.5679 -52.41
med01672 26.5167 40.5717 -45.99
med01681 26.7417 40.5903 -48.05
med01698 26.4167 40.4218 -115.59
med01706 26.2250 40.3334 -48.07
med01714 26.2123 40.1500 -58.00
med01741 26.0702 40.0250 -50.97
med01749 25.9333 39.8853 -47.35
med01769 26.0417 39.7436 -53.20
med01777 26.0770 39.5833 -54.31
med01787 26.2417 39.4585 -51.96
med01795 26.4500 39.5081 -49.49
med01802 26.6750 39.5342 -51.91
med01821 26.5583 39.3590 -49.23
med01840 26.3250 39.3932 -43.94
med01866 25.9083 39.1280 -76.35
med01874 26.1114 39.0500 -59.38
med01883 26.3167 38.9771 -94.20
med01890 26.5283 38.9667 -45.23
med01901 26.7500 38.9946 -52.66
med01910 26.9333 38.9101 -51.84
med01923 26.8587 38.7583 -45.16
med01932 26.7083 38.6423 -50.55
med01945 26.6167 38.5655 -51.17
med01951 26.4917 38.6739 -50.73
med01993 26.1333 38.5737 -57.15
med02001 25.9250 38.6006 -45.07
med02012 25.9396 38.4333 -41.66
med02022 25.8622 38.2750 -68.71
med02038 26.1305 38.2667 -52.04
med02045 26.3124 38.2083 -53.17
med02053 26.5149 38.1417 -40.92
med02065 26.7333 38.1823 -48.76
med02082 27.0583 38.0147 -47.28
med02091 27.2517 37.9250 -52.64
med02099 27.2419 37.7500 -51.10
med02118 26.8000 37.8145 -103.78
med02150 27.0917 37.6204 -62.79
med02157 27.1667 37.4585 -50.18
med02165 27.2667 37.3138 -45.87
med02180 27.4507 37.2167 -50.12
med02196 27.2503 37.1333 -52.46
med02215 27.0263 36.8750 -50.44
med02223 26.8860 36.7500 -49.57
med02242 27.2750 36.8285 -119.65
med02255 27.4306 36.9833 -42.59
med02263 27.6333 36.9760 -62.24
med02270 27.8417 37.0124 -99.35
med02278 28.0750 37.0113 -68.09
med02321 27.3621 36.6833 -76.48
med02329 27.5833 36.6746 -45.42
med02337 27.7750 36.7445 -49.83
med02350 27.9595 36.6833 -56.74
med02366 28.1390 36.6000 -60.96
med02374 28.2917 36.7118 -78.55
med02385 28.4395 36.8333 -53.67
med02395 28.6119 36.7250 -85.34
med02403 28.8083 36.6521 -85.78
med02422 29.0074 36.6917 -47.83
med02438 29.1083 36.3851 -67.33
med02445 29.2583 36.2762 -54.76
med02470 29.8583 36.1692 -71.09
med02478 30.0583 36.2404 -47.59
med02486 30.2750 36.2926 -52.07
med02506 30.5000 36.4225 -46.34
med02513 30.5992 36.5667 -51.82
med02529 30.7667 36.8415 -46.65
med02536 30.9667 36.8129 -44.80
med02543 31.1833 36.7767 -54.70
med02550 31.3917 36.7353 -56.27
med02558 31.6034 36.6667 -55.37
med02565 31.7772 36.5833 -54.94
med02574 31.9833 36.5254 -51.79
med02589 32.2688 36.2750 -62.38
med02597 32.4034 36.1417 -57.13
med02605 32.5917 36.0563 -44.98
med02613 32.8000 35.9777 -60.39
med02622 33.0000 36.0680 -51.13
med02631 33.2167 36.1110 -63.87
med02648 33.6449 36.1667 -57.98
med02657 33.8500 36.1712 -45.35
med02665 34.0446 36.2333 -45.14
med02672 34.1083 36.4057 -47.11
med02680 34.2500 36.5322 -48.24
med02689 34.4167 36.6289 -54.89
med02697 34.6220 36.6833 -49.50
med02705 34.8248 36.6250 -49.99
med02713 35.0083 36.5201 -51.18
med02721 35.2000 36.4463 -46.95
med02728 35.4083 36.4628 -46.16
med02736 35.6000 36.5312 -47.89
med02744 35.7331 36.6667 -50.09
med02752 35.9167 36.7630 -49.39
med02762 36.1224 36.7167 -49.08
med02771 36.0417 36.5675 -49.07
med02779 35.8795 36.4667 -47.68
med02787 35.7614 36.3083 -58.65
med02794 35.8745 36.1583 -44.66
med02816 35.7938 35.6917 -61.28
med02824 35.7118 35.5250 -53.97
med02832 35.8810 35.4167 -45.29
med02838 35.9083 35.2411 -53.91
med02845 35.8869 35.0750 -77.49
med02852 35.8244 34.9167 -46.35
med02858 35.8540 34.7417 -58.58
med02864 35.8695 34.5500 -51.12
med02872 35.7671 34.4000 -51.23
med02886 35.6366 34.0833 -68.79
med02894 35.5550 33.9167 -46.52
med02903 35.4183 33.7750 -54.70
med02909 35.3583 33.6100 -45.78
med02917 35.2485 33.4667 -48.23
med02925 35.1667 33.3040 -46.62
med02933 35.1333 33.1338 -48.15
med02942 34.9869 33.0167 -51.73
med02950 34.8833 32.8616 -52.49
med02956 34.8765 32.6750 -50.79
med02963 34.8169 32.4917 -50.07
med02969 34.7633 32.3250 -49.77
med02976 34.6833 32.1526 -49.57
med02984 34.6153 31.9667 -49.24
med02991 34.5195 31.8167 -52.55
med02998 34.4167 31.6789 -48.82
med03006 34.2833 31.5428 -49.53
med03014 34.1333 31.4278 -48.34
med03022 33.9500 31.3555 -51.21
med03030 33.7543 31.3500 -52.25
med03040 33.5583 31.3511 -49.40
med03047 33.3667 31.3910 -50.14
med03055 33.1750 31.4361 -48.35
med03063 32.9833 31.5207 -47.54
med03071 32.8250 31.6183 -48.04
med03078 32.6333 31.6575 -50.82
med03085 32.4250 31.7129 -51.85
med03093 32.2167 31.7700 -46.36
med03099 32.0250 31.7527 -48.90
med03105 31.8333 31.7607 -49.22
med03111 31.6333 31.7546 -50.83
med03118 31.4167 31.7749 -50.05
med03125 31.2083 31.8144 -51.11
med03133 31.0000 31.8352 -49.08
med03141 30.7833 31.8379 -51.43
med03151 30.5795 31.8000 -46.10
med03160 30.3766 31.8000 -50.11
med03168 30.2692 31.6583 -51.42
med03177 30.1000 31.5500 -49.99
med03185 30.0030 31.4000 -51.74
med03193 29.8417 31.2881 -51.66
med03201 29.6833 31.1943 -48.96
med03208 29.5083 31.1133 -50.94
med03216 29.3500 31.0202 -47.76
med03224 29.1500 30.9697 -46.89
med03230 28.9583 31.0060 -54.01
med03237 28.7667 31.0291 -44.41
med03245 28.5583 31.0741 -53.00
med03252 28.3667 31.1390 -50.95
med03259 28.1667 31.1535 -47.72
med03266 27.9667 31.1401 -51.57
med03280 27.7750 31.2167 -49.97
med03287 27.5667 31.2152 -53.55
med03295 27.4250 31.3395 -52.58
med03302 27.2450 31.4000 -49.04
med03309 27.0333 31.4274 -41.64
med03316 26.8433 31.4917 -48.45
med03325 26.6500 31.5431 -44.91
med03343 26.2583 31.6444 -47.13
med03351 26.0500 31.6820 -50.71
med03358 25.8333 31.7016 -48.92
med03364 25.6333 31.6623 -47.77
med03372 25.4417 31.6062 -53.94
med03380 25.2376 31.6417 -46.86
med03390 25.1083 31.7743 -52.00
med03401 25.1013 31.9417 -49.05
med03410 24.9083 32.0187 -47.91
med03417 24.7000 32.0562 -53.98
med03426 24.5250 31.9894 -61.06
med03436 24.3167 32.0359 -47.34
med03444 24.1167 32.0636 -54.93
med03452 23.9333 32.1311 -54.97
med03459 23.7591 32.2000 -49.17
med03466 23.5417 32.2262 -48.57
med03474 23.3500 32.3330 -51.04
med03483 23.2014 32.4667 -47.69
med03490 23.1417 32.6248 -50.24
med03498 22.9333 32.6932 -47.65
med03505 22.7583 32.7794 -50.74
med03512 22.6250 32.8991 -50.10
med03520 22.4264 32.8750 -47.19
med03527 22.2250 32.9054 -59.34
med03536 22.0167 32.9138 -66.95
med03545 21.8250 32.9348 -47.53
med03552 21.6167 32.9339 -46.39
med03560 21.4414 32.8417 -49.41
med03567 21.2500 32.8026 -46.42
med03574 21.0333 32.7866 -46.67
med03581 20.8500 32.7034 -45.47
med03587 20.6667 32.6522 -47.32
med03595 20.4750 32.5776 -47.60
med03602 20.2833 32.5139 -51.19
med03611 20.1667 32.3690 -48.97
med03620 20.0500 32.2123 -47.28
med03628 19.9083 32.1013 -49.19
med03636 19.7917 31.9623 -50.99
med03643 19.7583 31.7989 -49.85
med03650 19.7290 31.6250 -51.40
med03658 19.7884 31.4417 -48.26
med03666 19.8809 31.2750 -49.27
med03673 19.9167 31.1022 -49.53
med03679 19.9500 30.9221 -50.68
med03685 19.8500 30.7784 -46.69
med03692 19.7417 30.6366 -48.30
med03700 19.6000 30.5251 -49.87
med03707 19.4167 30.4513 -48.55
med03714 19.2083 30.4395 -51.75
med03721 19.0083 30.4915 -50.02
med03731 18.8180 30.5333 -49.72
med03745 18.7417 30.6886 -51.12
med03754 18.5708 30.7750 -50.48
med03761 18.3835 30.8000 -49.91
med03773 18.2100 30.8917 -49.54
med03781 18.0447 31.0000 -48.80
med03788 17.8583 31.0454 -49.23
med03795 17.6750 31.1103 -49.21
med03803 17.4833 31.1238 -50.89
med03812 17.2917 31.1728 -53.18
med03823 17.1167 31.2451 -47.61
med03830 16.9083 31.2626 -53.17
med03838 16.7500 31.3532 -44.21
med03847 16.5333 31.3603 -47.50
med03857 16.3417 31.3903 -50.78
med03865 16.1583 31.4496 -50.17
med03873 15.9674 31.5167 -49.87
med03880 15.8500 31.6645 -50.33
med03888 15.7500 31.8137 -50.72
med03895 15.6702 31.9667 -49.61
med03905 15.6577 32.1500 -50.20
med03914 15.5093 32.2667 -49.84
med03922 15.3667 32.3796 -51.72
med03931 15.1917 32.4451 -48.44
med03938 14.9833 32.4605 -45.89
med03945 14.7750 32.4812 -51.66
med03953 14.5917 32.5426 -48.96
med03961 14.4167 32.6549 -52.32
med03969 14.2308 32.7500 -52.57
med03976 14.0417 32.7993 -50.52
med03983 13.8417 32.8641 -52.84
med03990 13.6361 32.8750 -50.39
med03998 13.4500 32.9409 -50.52
med04005 13.2500 32.9940 -48.48
med04012 13.0667 32.9256 -49.81
med04020 12.8833 32.8639 -51.45
med04026 12.6833 32.8454 -48.14
med04033 12.4917 32.8886 -51.30
med04040 12.3039 32.9583 -48.98
med04047 12.1525 33.0667 -49.61
med04055 12.0308 33.2083 -50.52
med04065 11.9537 33.3583 -49.55
med04073 12.0268 33.5167 -49.78
med04082 11.8833 33.6530 -49.22
med04090 11.7250 33.7742 -50.20
med04098 11.5583 33.8640 -50.27
med04107 11.4083 33.9940 -49.95
med04126 11.4410 34.3333 -50.07
med04133 11.6371 34.3083 -49.16
med04149 11.8305 34.4750 -50.85
med04158 12.0167 34.5630 -48.99
med04170 12.2417 34.5643 -49.28
med04195 12.4667 34.7787 -51.34
med04212 12.6667 35.0243 -49.81
med04232 12.6058 35.3500 -51.22
med04249 12.3917 35.3009 -49.58
med04259 12.1847 35.3500 -49.44
med04267 11.9955 35.4083 -51.61
med04280 11.8000 35.3768 -49.66
med04291 11.5917 35.3475 -50.62
med04299 11.3833 35.3562 -50.33
med04305 11.1750 35.3484 -50.21
med04312 11.1853 35.5333 -49.51
med04319 11.1598 35.7083 -49.82
med04333 11.1167 35.8675 -49.00
med04349 10.9167 35.8650 -50.34
med04359 10.7104 35.9000 -49.61
med04367 10.6137 36.0750 -50.57
med04374 10.5358 36.2333 -48.46
med04383 10.6715 36.3750 -50.90
med04405 10.9554 36.3500 -51.90
med04413 11.0750 36.4820 -49.08
med04429 11.0500 36.6714 -49.51
med04437 11.1583 36.8167 -50.01
med04447 11.1289 36.9833 -46.33
med04454 11.0333 37.1290 -49.14
med04463 10.8125 37.1500 -42.78
med04476 10.7917 36.9855 -48.56
med04483 10.5917 36.9276 -48.82
med04493 10.3764 36.9667 -49.48
med04500 10.3167 37.1260 -49.95
med04512 10.1750 37.2569 -50.38
med04524 10.0083 37.3697 -48.82
med04535 9.8000 37.3782 -49.09
med04542 9.5833 37.3512 -48.46
med04552 9.3750 37.2865 -45.87
med04561 9.1667 37.2301 -56.49
med04570 8.9833 37.1310 -53.53
med04578 8.8250 37.0194 -48.75
med04586 8.6167 36.9577 -51.49
med04594 8.3917 36.9511 -49.73
med04603 8.1917 37.0009 -48.97
med04612 7.9833 36.9372 -47.63
med04620 7.7583 36.9762 -46.81
med04627 7.5583 37.0249 -50.09
med04645 7.1833 37.0963 -71.30
med04655 7.0917 36.9406 -53.47
med04664 6.8709 36.9500 -52.88
med04681 6.5187 37.0917 -43.88
med04688 6.2917 37.0584 -49.29
med04697 6.1333 36.9277 -41.98
med04705 5.9167 36.8702 -44.65
med04725 5.5346 36.7333 -52.47
med04733 5.3417 36.6769 -43.96
med04748 4.9667 36.8352 -43.27
med04755 4.7750 36.8982 -85.87
med04769 4.3417 36.9094 -44.15
med04776 4.1333 36.9085 -49.04
med04783 3.9160 36.9250 -53.79
med04790 3.7000 36.8928 -48.68
med04798 3.5233 36.8000 -44.94
med04815 3.0833 36.7979 -51.76
med04823 2.8667 36.8085 -49.64
med04831 2.7187 36.6917 -51.82
med04839 2.5250 36.6061 -59.31
med04847 2.3000 36.6486 -60.88
med04855 2.0833 36.6016 -46.76
med04868 1.6833 36.5546 -127.75
med04879 1.2417 36.5277 -40.75
med04887 1.0347 36.4833 -57.10
med04895 0.8500 36.3892 -54.22
med04902 0.6500 36.3435 -43.44
med04910 0.4417 36.2711 -54.74
med04919 0.2506 36.1917 -50.65
med04927 0.1000 36.0771 -47.97
med04934 0.0083 35.9143 -51.31
med04942 -0.1750 35.8364 -46.14
med04950 -0.3500 35.9302 -67.61
med04957 -0.5083 35.8129 -59.97
med04965 -0.6917 35.7391 -54.96
med04985 -1.0583 35.6897 -52.35
med04993 -1.2149 35.5750 -54.39
med04999 -1.2750 35.4168 -49.84
med05007 -1.4734 35.3333 -48.33
med05015 -1.6438 35.2333 -46.57
med05022 -1.8083 35.1427 -47.18
med05029 -2.0333 35.1157 -51.20
med05036 -2.2500 35.1612 -47.24
med05043 -2.4500 35.1875 -64.71
med05052 -2.6570 35.1333 -48.74
med05060 -2.8167 35.2309 -52.52
med05068 -2.9412 35.3667 -47.22
med05081 -3.1333 35.3013 -47.81
med05088 -3.3163 35.2167 -50.21
med05097 -3.5291 35.2333 -51.13
med05107 -3.6917 35.3418 -49.79
med05115 -3.8500 35.2357 -45.23
med05123 -4.0500 35.2468 -73.66
med05130 -4.2583 35.1972 -71.94
med05137 -4.4583 35.1805 -67.76
med05151 -4.8492 35.3000 -55.89
med05172 -5.2570 35.6917 -63.49
med05179 -5.3062 35.8500 -45.72
med05301 28.2167 41.0425 -50.77
med05309 28.4500 41.0028 -52.97
med05318 28.6667 40.9482 -45.61
med05325 28.8877 40.9250 -47.15
med05340 29.0956 40.8500 -61.58
med05350 29.3119 40.7917 -51.09
med05369 29.1667 40.6633 -82.12
med05377 28.9417 40.6192 -46.42
med05385 28.7637 40.5167 -46.19
med05418 28.5583 40.4387 -51.48
med05426 28.3451 40.4333 -50.36
med05434 28.1083 40.4046 -59.25
med05461 28.0167 40.5657 -50.27
med05474 27.7917 40.5302 -59.71
med05503 27.3917 40.4591 -49.75
med05511 27.1750 40.4647 -52.90
med05518 26.9750 40.4043 -58.52
med05526 26.7333 40.4190 -44.22
med05544 27.0083 40.4963 -46.93
med05554 27.2250 40.6362 -54.35
med05568 27.4952 40.9083 -45.60
med05586 27.9667 40.9578 -46.80
med05596 27.6333 40.6753 -46.44
med05617 28.4667 40.5854 -47.08
med05641 25.6250 40.5349 -49.71
med05649 25.8417 40.4793 -55.32
med05656 25.6583 40.4040 -182.47
med05663 25.4453 40.4500 -62.85
med05684 23.9333 40.3217 -80.69
med05703 25.9750 40.0954 -49.94
med05710 25.7583 40.0753 -50.55
med05726 25.4417 39.8814 -48.10
med05735 25.2667 39.7780 -54.32
med05742 25.0583 39.8231 -43.07
med05749 25.0667 39.9975 -78.65
med05758 25.2917 40.0090 -48.18
med05767 25.4833 40.0924 -50.68
med05780 25.7083 40.1887 -66.87
med05793 19.5750 39.9111 -41.61
med05800 25.0917 39.5752 -48.86
med05815 24.1750 39.4334 -49.89
med05828 24.0333 39.3147 -40.39
med05832 24.3333 39.3285 -69.76
med05836 23.9583 39.2888 -71.94
med05845 23.8757 39.1333 -51.83
med05855 20.1167 39.2435 -46.81
med05865 20.2774 39.1333 -43.44
med05896 23.9750 39.1036 -101.28
med05897 24.1000 39.1095 -45.51
med05902 24.4667 39.0371 -42.44
med05910 24.6500 38.9257 -45.93
med05941 23.0583 38.9942 -55.08
med05952 22.9000 38.9001 -50.88
med05955 23.1417 38.8499 -44.22
med05963 23.3249 38.7500 -50.71
med05989 23.2167 38.6822 -53.41
med06016 25.5333 38.6098 -45.35
med06048 20.7380 38.2167 -83.45
med06055 20.8226 38.0667 -56.87
med06065 20.6167 38.0459 -46.84
med06074 20.4167 38.1126 -40.12
med06129 26.4333 38.4535 -54.54
med06144 22.4500 38.4023 -53.50
med06153 22.6272 38.3083 -48.17
med06165 22.8207 38.2250 -56.85
med06215 22.4583 38.1305 -109.22
med06222 22.2500 38.1801 -139.01
med06230 22.0667 38.2709 -100.46
med06238 21.8750 38.3389 -68.91
med06267 23.9667 38.3752 -57.85
med06277 24.0889 38.2417 -48.48
med06309 21.5667 38.1796 -56.09
med06316 21.3699 38.2417 -49.24
med06331 24.7667 38.0001 -47.33
med06339 24.9583 37.9099 -44.33
med06346 25.0000 37.7445 -59.97
med06356 25.1726 37.6500 -51.70
med06376 24.9677 37.6667 -56.34
med06386 24.7934 37.8250 -65.02
med06400 20.7333 37.8934 -45.82
med06421 20.8500 37.6446 -98.34
med06449 23.4789 37.8167 -45.67
med06475 23.2583 37.7083 -50.03
med06476 26.3417 37.7006 -40.97
med06486 26.2167 37.5604 -76.60
med06493 26.0083 37.5015 -68.11
med06503 26.1333 37.6511 -41.44
med06521 24.3086 37.5250 -48.42
med06532 26.5406 37.6250 -64.99
med06550 24.7000 37.6359 -69.75
med06559 8.9833 37.5924 -49.31
med06568 8.8333 37.4593 -51.85
med06576 8.6500 37.3738 -47.22
med06587 8.7750 37.5178 -47.47
med06613 25.3583 37.5086 -57.79
med06628 25.2500 37.3625 -61.38
med06640 23.9000 37.4954 -47.06
med06645 26.9333 37.4939 -47.34
med06677 26.7083 37.4089 -49.49
med06690 26.7167 37.2398 -74.11
med06708 27.0833 37.3114 -43.71
med06713 23.2833 37.2754 -48.33
med06714 21.0083 37.2579 -68.31
med06715 24.4667 37.2084 -49.49
med06735 25.6000 37.0535 -59.25
med06743 25.4667 36.9123 -60.37
med06753 25.2750 36.9979 -48.82
med06761 25.0766 36.9417 -46.24
med06777 25.1417 37.1243 -53.08
med06785 25.3333 37.1189 -48.65
med06807 27.0417 37.0173 -45.48
med06825 26.8343 37.1000 -58.96
med06831 25.8000 37.1335 -68.31
med06837 25.6917 37.0847 -44.63
med06842 24.6500 37.0423 -42.51
med06851 24.7250 36.8919 -50.14
med06864 26.2917 36.9687 -70.94
med06866 25.6207 36.9583 -44.74
med06880 25.4667 36.8173 -61.37
med06902 25.8668 36.7833 -51.94
med06921 26.1750 36.8984 -44.88
med06924 11.9500 36.8507 -44.31
med06938 25.6667 36.8504 -45.61
med06941 23.8917 36.8288 -86.90
med06964 24.3500 36.6418 -51.28
med06985 24.2167 36.8001 -48.61
med06990 25.3000 36.8002 -49.35
med06998 25.4007 36.6583 -45.87
med07019 25.1667 36.6768 -59.71
med07029 24.8583 36.6750 -49.67
med07047 27.8553 36.6667 -75.88
med07063 26.3833 36.6510 -42.25
med07077 26.3256 36.5000 -54.13
med07091 25.0167 36.6310 -58.84
med07097 27.1917 36.5510 -62.60
med07110 26.9667 36.5016 -54.68
med07111 25.3750 36.4847 -41.91
med07120 25.4750 36.3364 -59.14
med07136 27.2833 36.4837 -51.39
med07144 27.4347 36.3833 -57.10
med07155 25.3167 36.4401 -52.25
med07171 28.0839 36.1417 -51.16
med07180 27.9559 36.0167 -55.32
med07198 27.7319 36.0417 -47.12
med07208 27.7750 36.2179 -47.68
med07216 27.9250 36.3556 -66.33
med07230 25.7583 36.4047 -94.41
med07257 23.0988 36.2667 -43.90
med07278 26.6583 36.3712 -81.48
med07290 27.6841 36.2583 -55.21
med07291 25.8917 36.2751 -49.59
med07292 25.1917 36.2599 -43.06
med07304 29.4917 36.1629 -76.56
med07306 29.5750 36.1627 -95.17
med07312 26.4000 36.0806 -59.85
med07313 23.2333 35.9836 -65.33
med07320 26.5083 35.9263 -43.83
med07326 23.3318 35.8250 -65.03
med07347 27.2134 35.5583 -103.20
med07356 27.1417 35.3940 -59.76
med07366 26.9337 35.3583 -54.38
med07384 27.1021 35.5167 -48.67
med07392 27.1506 35.7250 -57.93
med07399 26.8167 35.8959 -79.83
med07409 23.8667 35.5629 -55.57
med07417 24.0667 35.5905 -52.17
med07427 24.2333 35.4826 -54.61
med07436 24.4167 35.3804 -53.84
med07443 24.6250 35.4328 -51.27
med07450 24.8417 35.4210 -70.31
med07457 25.0417 35.4137 -59.93
med07465 25.2583 35.3605 -46.82
med07473 25.4750 35.3182 -46.34
med07480 25.6833 35.3549 -63.50
med07490 25.7393 35.1833 -57.10
med07501 25.9500 35.2064 -54.95
med07510 26.1663 35.2250 -49.40
med07519 26.3463 35.2833 -91.30
med07530 26.2794 35.0833 -59.84
med07537 26.0937 35.0000 -58.09
med07544 25.8833 35.0183 -74.00
med07558 25.4608 34.9833 -40.54
med07565 25.2417 34.9520 -94.64
med07570 25.0417 34.9354 -122.33
med07576 24.8083 34.9273 -81.37
med07584 24.6833 35.0786 -60.50
med07591 24.4937 35.1417 -57.31
med07598 24.2838 35.1750 -47.51
med07604 24.0833 35.1922 -62.12
med07616 23.6667 35.2278 -88.44
med07625 23.5288 35.3583 -110.06
med07646 34.5750 35.7000 -49.87
med07655 34.4333 35.5769 -55.90
med07663 34.2838 35.4667 -48.69
med07671 34.1200 35.3667 -44.93
med07679 33.9427 35.2500 -59.96
med07686 34.0129 35.0833 -57.54
med07699 33.9000 34.9362 -59.05
med07706 33.7000 34.9533 -57.17
med07712 33.6374 34.7917 -40.14
med07720 33.4417 34.7345 -50.27
med07727 33.2417 34.6892 -43.49
med07734 33.0506 34.6500 -48.66
med07746 32.8500 34.6391 -45.95
med07753 32.6311 34.6417 -48.34
med07760 32.4304 34.7000 -45.40
med07767 32.3350 34.8583 -60.10
med07774 32.2667 35.0138 -42.15
med07787 32.4585 35.0833 -50.34
med07795 32.6167 35.1962 -81.97
med07803 32.8417 35.1632 -60.81
med07810 32.9002 35.3250 -50.44
med07819 33.0917 35.3724 -59.09
med07832 33.5000 35.3461 -82.68
med07839 33.7083 35.3994 -53.14
med07846 33.9250 35.4409 -57.29
med07874 25.2250 35.4649 -68.11
med07883 26.1619 35.3417 -75.08
med07895 23.9917 34.9480 -58.09
med07904 24.1333 34.8183 -41.14
med07917 25.7417 34.8430 -53.85
med08042 3.9167 43.3819 -49.18
med08049 4.1417 43.3587 -49.99
med08057 4.3667 43.3004 -50.13
med08064 4.6000 43.2792 -48.09
med08071 4.8250 43.3056 -44.99
med08079 5.0667 43.3090 -51.52
med08087 5.2917 43.3394 -44.90
med08096 5.3638 43.1750 -44.82
med08106 5.6083 43.1578 -48.41
med08114 5.7871 43.0583 -54.00
med08124 6.0250 43.0625 -60.97
med08141 6.4000 43.1040 -54.26
med08162 6.6916 43.3167 -49.06
med08193 7.2306 43.6583 -75.05
med08203 7.4414 43.7333 -52.50
med08212 7.7083 43.7831 -48.87
med08221 7.9284 43.8250 -45.35
med08230 8.1394 43.9083 -53.04
med08238 8.2520 44.0583 -42.88
med08255 8.5750 44.3398 -45.88
med08263 8.8083 44.4015 -53.63
med08279 9.2500 44.3185 -53.44
med08296 9.6500 44.1244 -49.15
med08306 9.8296 43.9667 -47.37
med08315 9.9822 43.8250 -49.41
med08323 10.0976 43.6667 -48.67
med08330 10.1333 43.5043 -48.85
med08337 10.3417 43.4420 -50.40
med08346 10.3333 43.2737 -47.51
med08355 10.4703 43.1333 -52.60
med08361 10.4659 42.9583 -48.96
med08369 10.3417 42.8228 -55.03
med08390 10.3602 42.7250 -57.73
med08403 10.6167 42.8214 -49.23
med08411 10.8167 42.7449 -56.80
med08420 10.9917 42.6208 -56.51
med08429 11.1000 42.4647 -52.31
med08440 11.2917 42.3602 -51.71
med08449 11.5083 42.2686 -50.92
med08458 11.6893 42.1583 -48.80
med08467 11.8250 42.0092 -52.09
med08481 12.1417 41.7419 -50.27
med08489 12.3000 41.6282 -52.80
med08497 12.4667 41.5198 -52.60
med08505 12.6000 41.3803 -48.53
med08513 12.8167 41.3159 -49.65
med08522 13.0205 41.2333 -61.86
med08533 13.2600 41.2417 -49.32
med08540 13.4750 41.2199 -61.42
med08548 13.6833 41.1672 -50.44
med08556 13.8156 41.0250 -49.14
med08564 13.9495 40.8833 -49.59
med08589 14.1583 40.7969 -40.92
med08599 14.3662 40.7583 -49.16
med08609 14.3093 40.5917 -52.84
med08625 14.7667 40.6119 -53.84
med08633 14.8707 40.4417 -54.02
med08640 14.9083 40.2777 -47.34
med08652 15.0426 40.1500 -51.28
med08660 15.2333 40.0764 -54.08
med08668 15.4083 39.9824 -45.89
med08676 15.6205 40.0417 -67.08
med08690 15.7860 39.7167 -58.10
med08697 15.8550 39.5500 -42.19
med08705 15.9906 39.4083 -47.97
med08712 16.0426 39.2500 -58.26
med08718 16.0701 39.0667 -60.22
med08726 16.1833 38.9025 -50.95
med08734 16.1250 38.7314 -59.51
med08752 15.9203 38.5250 -67.39
med08759 15.8348 38.3583 -81.17
med08767 15.6417 38.2378 -82.75
med08782 15.7667 37.9116 -76.17
med08790 15.9917 37.8939 -60.38
med08799 16.1544 38.0000 -58.28
med08807 16.2166 38.1667 -50.56
med08815 16.3629 38.3000 -43.22
med08823 16.5500 38.3769 -57.54
med08829 16.6103 38.5417 -47.17
med08836 16.5500 38.6980 -64.48
med08852 16.9000 38.8894 -44.31
med08860 17.1167 38.8865 -59.48
med08868 17.2044 39.0417 -70.13
med08874 17.1502 39.2083 -48.63
med08880 17.1583 39.3775 -53.65
med08896 16.8250 39.6066 -56.28
med08904 16.5917 39.6329 -52.39
med08911 16.5118 39.7833 -40.61
med08922 9.8083 43.0757 -46.89
med08959 9.5223 42.9250 -57.67
med08973 9.5833 42.6029 -42.77
med08986 9.1750 42.7705 -40.73
med09008 10.0583 42.6752 -49.76
med09037 11.1000 42.2400 -43.58
med09038 13.0500 40.9834 -49.29
med09046 12.9583 40.8716 -41.44
med09054 12.8167 40.9682 -40.43
med09065 13.4250 40.7826 -47.40
med09070 14.2398 40.5417 -65.92
med09076 13.1750 38.7257 -44.83
med09084 14.5583 38.5895 -134.75
med09096 14.9461 38.5250 -61.97
med09102 15.0052 38.3833 -151.63
med09111 15.5333 38.3252 -49.69
med09123 15.5375 38.1500 -90.07
med09131 15.4250 38.0022 -51.48
med09138 15.3046 37.8583 -132.57
med09153 15.1333 37.5368 -75.51
med09159 15.1583 37.3552 -55.38
med09167 15.2470 37.2083 -57.41
med09174 15.3250 37.0378 -57.75
med09183 15.1783 36.9000 -43.17
med09189 15.1802 36.7167 -52.24
med09199 15.0731 36.5750 -49.53
med09208 14.8667 36.6438 -50.92
med09215 14.6583 36.6797 -47.09
med09222 14.4750 36.7565 -48.51
med09230 14.3417 36.8820 -48.39
med09238 14.1500 36.9833 -49.89
med09245 13.9333 37.0137 -48.89
med09252 13.7400 37.0750 -49.61
med09259 13.5583 37.1624 -51.83
med09267 13.3833 37.2626 -46.89
med09274 13.2083 37.3469 -48.55
med09283 13.0167 37.4421 -50.32
med09291 12.8333 37.5163 -49.76
med09299 12.6250 37.5294 -44.76
med09307 12.4583 37.6322 -49.60
med09320 12.3550 37.7833 -45.28
med09328 12.2583 37.9433 -51.69
med09340 12.4417 38.0497 -50.31
med09348 12.6385 38.1083 -46.45
med09361 12.8583 38.0735 -54.07
med09370 13.0500 38.1319 -47.79
med09379 13.2417 38.2098 -46.25
med09388 13.4167 38.1129 -63.21
med09396 13.6167 38.0377 -57.83
med09403 13.8417 38.0188 -45.62
med09410 14.0583 38.0429 -48.34
med09417 14.2750 38.0339 -48.64
med09424 14.4917 38.0697 -46.27
med09431 14.6917 38.1330 -48.03
med09446 15.1000 38.1393 -56.20
med09453 15.2333 38.2739 -60.96
med09469 12.0250 38.0195 -42.15
med09483 14.2167 36.0841 -41.91
med09490 14.4083 36.0171 -48.77
med09497 14.5500 35.9011 -45.80
med09513 14.3242 35.9083 -41.44
med09525 -5.2513 36.2667 -53.09
med09543 -4.9417 36.4392 -45.02
med09552 -4.7167 36.4569 -50.78
med09561 -4.5333 36.5621 -58.09
med09569 -4.3854 36.6750 -51.02
med09577 -4.1583 36.6878 -43.77
med09584 -3.9583 36.7085 -50.46
med09591 -3.7500 36.7203 -68.76
med09599 -3.5333 36.7064 -44.71
med09607 -3.3094 36.7250 -50.28
med09614 -3.0833 36.7304 -43.08
med09621 -2.9000 36.6593 -50.72
med09628 -2.6667 36.6531 -52.89
med09636 -2.5500 36.8022 -59.53
med09645 -2.3211 36.8000 -51.43
med09654 -2.1298 36.7167 -47.48
med09662 -1.9852 36.8333 -50.39
med09670 -1.8758 36.9917 -52.60
med09677 -1.8158 37.1583 -44.10
med09685 -1.6852 37.2917 -52.44
med09694 -1.5083 37.4099 -55.01
med09702 -1.3520 37.5250 -52.94
med09710 -1.1171 37.5417 -52.02
med09718 -0.9059 37.5500 -45.37
med09726 -0.7083 37.5909 -48.55
med09734 -0.6000 37.7479 -49.26
med09741 -0.5970 37.9250 -47.61
med09751 -0.5417 38.1044 -48.91
med09759 -0.4083 38.2304 -49.66
med09766 -0.3373 38.3833 -61.51
med09775 -0.1750 38.4872 -53.99
med09783 0.0000 38.5901 -49.35
med09792 0.2151 38.6500 -50.33
med09800 0.2035 38.8333 -46.93
med09809 0.0500 38.9602 -48.80
med09817 -0.0750 39.0965 -51.22
med09825 -0.1543 39.2583 -51.03
med09835 -0.2098 39.4417 -50.72
med09843 -0.1083 39.6039 -51.53
med09852 0.0167 39.7559 -49.12
med09860 0.1583 39.8896 -49.34
med09868 0.2917 40.0407 -49.69
med09876 0.4167 40.1738 -49.76
med09884 0.5583 40.2947 -50.64
med09894 0.7138 40.4250 -50.95
med09903 0.8750 40.5491 -49.47
med09910 0.9628 40.7250 -52.10
med09918 0.8820 40.8917 -50.92
med09927 1.0417 41.0048 -47.49
med09935 1.2659 41.0750 -49.66
med09942 1.4750 41.1299 -46.08
med09949 1.7083 41.1454 -54.59
med09964 2.1167 41.2618 -56.93
med09973 2.2583 41.3952 -51.83
med09981 2.4583 41.4755 -50.52
med09989 2.6500 41.5798 -47.51
med09998 2.8333 41.6745 -48.28
med10006 3.0417 41.7638 -40.20
med10014 3.2083 41.8809 -43.60
med10021 3.2250 42.0674 -48.81
med10029 3.2750 42.2367 -70.76
med10039 3.1856 42.4000 -47.85
med10045 3.1417 42.5913 -50.03
med10051 3.1600 42.7750 -49.69
med10057 3.2165 42.9500 -50.02
med10065 3.3583 43.0784 -50.89
med10076 3.5500 43.1728 -48.91
med10086 3.7333 43.2828 -49.78
med10096 12.0167 41.8856 -52.98
med10098 9.5790 42.3667 -44.53
med10105 9.5841 42.1833 -48.79
med10112 9.5417 42.0118 -53.54
med10119 9.4393 41.8667 -52.90
med10125 9.4170 41.6917 -49.55
med10132 9.4000 41.5228 -45.13
med10142 9.2889 41.3833 -48.80
med10158 9.0735 41.3833 -52.51
med10169 8.8500 41.4372 -61.54
med10179 8.7699 41.5917 -64.64
med10194 8.6417 41.7396 -54.18
med10203 8.7833 41.8904 -52.75
med10219 8.5595 41.9583 -52.65
med10232 8.5833 42.1223 -50.79
med10242 8.6667 42.2749 -51.41
med10252 8.6417 42.4493 -50.52
med10261 8.7771 42.5833 -52.74
med10270 9.0000 42.6570 -55.61
med10287 9.4917 41.2037 -58.63
med10297 9.6167 41.0685 -56.75
med10308 9.7377 40.9333 -48.54
med10317 9.7679 40.7667 -48.00
med10326 9.8167 40.5934 -47.14
med10334 9.9287 40.4500 -45.58
med10344 9.7667 40.3253 -50.25
med10353 9.6646 40.1667 -64.87
med10362 9.7209 39.9917 -58.79
med10369 9.7207 39.8000 -47.61
med10376 9.6708 39.6417 -42.09
med10382 9.6667 39.4782 -48.18
med10390 9.6406 39.3083 -54.06
med10397 9.6000 39.1278 -50.87
med10406 9.3833 39.1496 -47.83
med10415 9.1851 39.0917 -49.11
med10423 9.0691 38.9417 -49.41
med10431 8.8667 38.8698 -59.22
med10447 8.4762 38.9417 -49.49
med10457 8.3250 39.0654 -48.91
med10471 8.3333 39.2364 -46.70
med10480 8.3799 39.4083 -45.01
med10487 8.4051 39.5917 -46.79
med10494 8.3750 39.7529 -51.60
med10504 8.2378 39.9083 -46.42
med10512 8.3417 40.0496 -50.45
med10521 8.4103 40.2333 -51.01
med10527 8.3648 40.3917 -49.70
med10535 8.2417 40.5311 -49.55
med10545 8.1600 40.6833 -52.76
med10553 8.1780 40.8500 -53.56
med10561 8.2113 41.0333 -61.40
med10575 8.4333 40.9738 -49.82
med10586 8.6583 40.9274 -48.83
med10594 8.8559 41.0250 -43.14
med10604 8.9959 41.1667 -47.57
med10616 9.1333 41.2559 -54.93
med10629 4.1583 40.1019 -47.56
med10637 4.3047 39.9583 -53.99
med10644 4.3083 39.7958 -54.09
med10652 4.0917 39.8564 -45.64
med10660 3.8833 39.9090 -51.80
med10671 3.8250 40.0654 -54.55
med10699 3.3167 39.8513 -49.37
med10708 3.4882 39.7500 -52.83
med10717 3.4433 39.5667 -49.43
med10724 3.3167 39.4267 -50.69
med10733 3.1443 39.3000 -48.44
med10746 2.9250 39.3064 -48.90
med10754 2.7000 39.3462 -46.69
med10762 2.5500 39.4616 -52.10
med10771 2.3623 39.5333 -58.13
med10783 2.4745 39.6833 -48.87
med10791 2.6479 39.7833 -45.45
med10800 2.8407 39.8833 -57.80
med10831 1.6005 38.9583 -49.89
med10839 1.4975 38.8000 -52.56
med10847 1.5869 38.6417 -47.15
med10854 1.3917 38.5800 -47.36
med10861 1.3750 38.7303 -56.54
med10869 1.2833 38.8619 -61.62
med10897 16.6551 39.9167 -55.53
med10904 16.7383 40.0750 -53.13
med10919 16.8937 40.3917 -42.99
med10928 17.1167 40.4362 -55.99
med10936 17.3333 40.3453 -61.18
med10945 17.5417 40.2639 -43.46
med10952 17.7500 40.2138 -47.89
med10963 17.8754 40.0750 -50.13
med10972 17.9896 39.9333 -47.70
med10980 18.0583 39.7765 -51.63
med10989 18.2917 39.7987 -48.71
med10999 18.4241 39.9417 -50.89
med11014 18.4547 40.2667 -58.50
med11022 18.3282 40.4083 -45.09
med11030 18.2032 40.5500 -46.95
med11038 18.0500 40.6732 -53.59
med11046 17.8333 40.7293 -56.84
med11054 17.6417 40.8082 -50.15
med11062 17.4548 40.9000 -51.91
med11070 17.2667 40.9999 -53.96
med11080 17.0750 41.1025 -45.46
med11088 16.8667 41.1646 -53.09
med11095 16.6667 41.2394 -51.24
med11104 16.4932 41.3667 -49.50
med11111 16.3970 41.5333 -50.71
med11117 16.3906 41.7250 -50.27
med11124 16.3272 41.8833 -48.78
med11132 16.1833 42.0215 -54.00
med11139 15.9583 42.0240 -51.40
med11146 15.7333 42.0314 -52.35
med11153 15.5000 42.0183 -48.27
med11160 15.2667 42.0223 -52.10
med11167 15.0667 42.0871 -47.58
med11175 14.8833 42.1800 -51.69
med11185 14.7000 42.2807 -51.73
med11193 14.5083 42.3984 -51.31
med11202 14.3500 42.5122 -47.76
med11211 14.2250 42.6581 -50.05
med11218 14.1460 42.8250 -52.27
med11224 14.0833 42.9833 -50.04
med11230 14.0523 43.1583 -49.32
med11236 14.0074 43.3250 -50.23
med11243 13.9667 43.4990 -50.08
med11251 13.8167 43.6356 -49.44
med11260 13.6333 43.7426 -49.45
med11269 13.4583 43.8568 -50.31
med11277 13.2833 43.9648 -50.37
med11285 13.1417 44.1155 -50.06
med11294 13.0750 44.2718 -50.17
med11303 13.2333 44.4072 -49.92
med11316 13.4583 44.4357 -50.17
med11326 13.6917 44.4380 -48.83
med11334 13.9246 44.4583 -50.01
med11343 14.1583 44.4800 -49.89
med11359 14.3781 44.5333 -52.15
med11373 14.5500 44.4112 -53.83
med11391 14.6750 44.2728 -47.81
med11401 14.8167 44.1427 -53.12
med11410 15.0000 44.0253 -51.04
med11418 15.1333 43.8927 -54.75
med11436 15.5218 43.6833 -57.35
med11469 15.7345 43.7417 -51.91
med11501 16.0224 43.4667 -42.39
med11510 16.2250 43.3754 -52.97
med11518 16.4417 43.2932 -55.56
med11650 16.6667 43.0812 -43.38
med11716 16.8817 42.8833 -59.20
med11724 17.1333 42.8973 -40.46
med11736 17.3583 42.9020 -69.51
med11760 18.0000 42.6593 -53.17
med11776 18.3667 42.4776 -74.36
med11786 18.5750 42.3850 -55.83
med11794 18.7451 42.2833 -70.88
med11803 18.9440 42.1917 -55.65
med11811 19.0833 42.0430 -50.35
med11819 19.1750 41.8959 -47.36
med11828 19.3364 41.7667 -51.05
med11834 19.3551 41.6000 -49.11
med11840 19.3333 41.4229 -49.68
med11846 19.3699 41.2417 -53.17
med11848 14.3250 45.3339 -51.39
med11857 14.5348 45.2500 -52.26
med11867 14.4250 45.0920 -49.42
med11923 14.1750 45.0237 -52.06
med11931 14.2553 45.1917 -64.40
med11938 14.7148 45.1417 -43.90
med11947 14.8833 45.0024 -60.96
med11960 14.9083 44.6663 -49.17
med11983 14.8750 44.5035 -50.53
med12004 15.0333 44.3795 -40.95
med12015 14.9583 44.2209 -52.87
med12026 14.7452 44.3167 -46.79
med12053 14.6417 44.5206 -46.85
med12061 14.5147 44.6750 -56.65
med12067 14.4667 44.8406 -52.99
med12079 14.6000 44.9761 -50.20
med12090 14.8417 44.9034 -40.07
med12126 14.8271 44.6917 -54.55
med12137 14.6833 44.8563 -57.64
med12142 14.1917 44.7681 -50.06
med12179 14.4167 44.6468 -41.53
med12193 14.5833 44.5005 -53.82
med12205 14.2083 44.5954 -48.37
med12228 15.2750 44.3529 -58.02
med12251 15.0333 44.2759 -50.82
med12260 15.1680 44.1417 -50.53
med12287 15.1083 44.0826 -49.66
med12294 15.2667 43.9780 -56.65
med12328 16.0917 43.0834 -49.37
med12346 15.7500 43.0510 -44.52
med12359 16.0167 42.9530 -75.83
med12361 16.9750 42.8175 -49.13
med12382 17.3583 42.8086 -48.92
med12390 17.5833 42.7682 -52.13
med12406 17.5216 42.7250 -42.31
med12414 16.5000 42.7763 -44.01
med12418 16.7417 42.7813 -53.04
med12425 16.2583 42.4052 -61.79
med12428 15.4917 42.1344 -46.11
nea00267 -7.0000 36.9862 -51.62
nea00276 -6.8462 36.8583 -50.97
nea00284 -6.7263 36.7167 -49.48
nea00292 -6.5754 36.5917 -49.92
nea00300 -6.4373 36.4417 -49.06
nea00307 -6.4083 36.2775 -50.61
nea00316 -6.3631 36.1083 -52.77
nea00323 -6.1583 36.0531 -53.43
nea00330 -5.9667 36.1333 -49.95
nea00337 -5.7833 36.0538 -54.92
nea05194 -5.6333 35.8557 -56.49
nea05210 -6.0500 35.7295 -52.37
nea05221 -6.0821 35.5583 -50.95
nea05229 -6.1625 35.3917 -46.51
nea05236 -6.2118 35.2083 -47.72
nea05242 -6.2648 35.0500 -52.13
nea05249 -6.3500 34.8857 -51.95
nea05257 -6.4147 34.7250 -52.59
nea05265 -6.4985 34.5750 -51.81
nea05273 -6.6417 34.4357 -49.17
nea05282 -6.7614 34.2917 -47.79
nea05289 -6.8064 34.1250 -53.58
nea05297 -6.9417 33.9931 -48.93
nea12438 -6.7250 61.6561 -84.20
nea12443 -16.3858 10.1917 -50.75
nea12449 -16.4583 10.3583 -50.00
nea12451 -16.5583 10.4625 -48.50
nea12453 -16.6192 10.6167 -48.25
nea12456 -16.7217 10.7833 -54.50
nea12458 -16.8500 10.9146 -48.75
nea12462 -17.0250 11.0414 -49.75
nea12464 -17.0865 11.2083 -46.25
nea12466 -17.1645 11.3667 -44.75
nea12473 -17.1765 11.5917 -49.25
nea12475 -17.1333 11.7579 -50.50
nea12479 -17.1917 12.1098 -51.00
nea12481 -17.2345 12.2833 -48.75
nea12483 -17.3632 12.4083 -51.75
nea12485 -17.5083 12.4990 -49.25
nea12487 -17.5679 12.6667 -49.25
nea12489 -17.5500 12.8045 -51.25
nea12491 -17.4139 12.8917 -50.75
nea12493 -17.3983 13.0583 -50.25
nea12495 -17.3250 13.2139 -49.75
nea12497 -17.2273 13.3583 -48.50
nea12499 -17.3149 13.5083 -53.25
nea12501 -17.2636 13.6417 -52.50
nea12503 -17.2544 13.8250 -52.50
nea12505 -17.3159 13.9833 -51.50
nea12507 -17.2733 14.1417 -53.00
nea12509 -17.2945 14.2917 -49.25
nea12511 -17.3190 14.4667 -48.75
nea12513 -17.4511 14.5750 -49.25
nea12515 -17.5538 14.7250 -45.50
nea12517 -17.3917 14.8140 -55.75
nea12519 -17.2250 14.8839 -49.00
nea12521 -17.1136 15.0167 -53.00
nea12523 -17.0049 15.1583 -53.75
nea12525 -16.9200 15.3250 -48.00
nea12527 -16.8767 15.5000 -48.00
nea12529 -16.7973 15.6583 -52.25
nea12531 -16.8006 15.8167 -49.50
nea12533 -16.7083 15.9569 -50.50
nea12535 -16.6510 16.1250 -49.25
nea12537 -16.6700 16.3000 -46.75
nea12539 -16.6896 16.4833 -51.50
nea12541 -16.6746 16.6583 -50.25
nea12543 -16.6083 16.8221 -52.25
nea12545 -16.5000 16.9750 -50.00
nea12547 -16.4167 17.1389 -50.25
nea12549 -16.3417 17.3000 -50.00
nea12551 -16.2818 17.4667 -50.50
nea12553 -16.2583 17.6438 -49.50
nea12555 -16.2558 17.8250 -51.50
nea12557 -16.2921 18.0000 -49.75
nea12560 -16.3869 18.1583 -45.00
nea12562 -16.4083 18.3167 -50.00
nea12564 -16.3722 18.4667 -50.75
nea12566 -16.4064 18.6417 -50.75
nea12568 -16.4587 18.8083 -49.75
nea12570 -16.5391 18.9667 -52.50
nea12572 -16.6096 19.1250 -47.50
nea12574 -16.7009 19.2667 -48.75
nea12576 -16.8225 19.3833 -52.75
nea12578 -16.8833 19.5556 -49.50
nea12580 -16.9750 19.7120 -53.00
nea12582 -17.1417 19.8017 -53.75
nea12584 -17.2583 19.9297 -46.50
nea12586 -17.4352 19.9583 -49.25
nea12588 -17.5333 20.1136 -49.00
nea12590 -17.4667 20.2774 -49.50
nea12592 -17.4417 20.4436 -49.25
nea12594 -17.3750 20.6120 -47.50
nea12596 -17.3278 20.7917 -48.00
nea12598 -17.3333 20.9708 -49.50
nea12600 -17.3167 21.1488 -49.50
nea12604 -17.1533 21.3083 -49.50
nea12606 -17.1167 21.4800 -49.50
nea12608 -17.1283 21.6500 -48.00
nea12610 -17.1167 21.8283 -49.50
nea12612 -17.0958 22.0083 -48.75
nea12614 -17.0213 22.1750 -51.00
nea12616 -16.9583 22.3385 -51.25
nea12618 -16.8742 22.5000 -50.25
nea12621 -16.9111 22.6917 -49.75
nea12623 -16.7833 22.8083 -50.00
nea12625 -16.7538 22.9833 -48.50
nea12627 -16.7833 23.1607 -49.50
nea12629 -16.6703 23.2917 -48.25
nea12631 -16.6264 23.4667 -49.75
nea12634 -16.6444 23.6083 -49.00
nea12636 -16.5272 23.7583 -48.75
nea12638 -16.4507 23.9167 -49.50
nea12640 -16.2583 23.9465 -51.25
nea12643 -16.2156 24.1167 -49.75
nea12646 -16.1257 24.2667 -49.75
nea12648 -16.0214 24.4000 -50.75
nea12651 -15.9083 24.5792 -49.75
nea12654 -15.7731 24.7583 -50.50
nea12656 -15.6500 24.8792 -50.25
nea12658 -15.5083 25.0071 -50.25
nea12660 -15.3417 25.0559 -52.00
nea12662 -15.1736 25.1083 -50.25
nea12664 -14.9833 25.1542 -50.50
nea12666 -14.8760 25.3083 -49.75
nea12668 -14.8664 25.4750 -50.25
nea12670 -14.7622 25.6250 -48.00
nea12672 -14.7012 25.8000 -48.50
nea12674 -14.6417 25.9683 -50.25
nea12676 -14.6067 26.1417 -52.00
nea12678 -14.5199 26.3000 -48.25
nea12680 -14.4158 26.4500 -51.00
nea12682 -14.2333 26.5109 -48.25
nea12684 -14.0750 26.6242 -50.50
nea12686 -13.8750 26.6272 -48.50
nea12688 -13.7417 26.7546 -53.00
nea12690 -13.6083 26.8792 -49.50
nea12692 -13.5275 27.0417 -48.50
nea12694 -13.5040 27.2167 -46.75
nea12696 -13.4165 27.3750 -50.25
nea12698 -13.3931 27.5583 -47.25
nea12700 -13.2864 27.7083 -47.50
nea12702 -13.1861 27.8583 -48.75
nea12704 -13.0583 28.0045 -51.50
nea12707 -12.8384 28.0833 -45.75
nea12709 -12.6799 28.1083 -51.75
nea12714 -12.4714 28.1500 -52.25
nea12716 -12.4403 28.3083 -51.75
nea12718 -12.2917 28.4263 -49.25
nea12720 -12.0917 28.4083 -50.00
nea12722 -11.9167 28.4500 -50.00
nea12724 -11.7567 28.5083 -51.00
nea12728 -11.5333 28.4988 -50.50
nea12730 -11.3833 28.5990 -50.50
nea12732 -11.2250 28.7186 -49.00
nea12734 -11.0500 28.8042 -53.50
nea12736 -10.8833 28.9083 -50.00
nea12738 -10.7500 28.9917 -50.00
nea12740 -10.5964 29.1000 -51.50
nea12742 -10.5760 29.2833 -49.50
nea12744 -10.4417 29.4053 -53.50
nea12746 -10.2667 29.4982 -50.75
nea12748 -10.1167 29.6006 -49.75
nea12750 -10.0071 29.7500 -51.25
nea12752 -9.8500 29.8667 -50.00
nea12754 -9.7526 30.0250 -45.75
nea12756 -9.6833 30.1917 -50.00
nea12758 -9.7220 30.3667 -52.50
nea12760 -9.7811 30.5333 -51.00
nea12762 -9.9340 30.6500 -48.25
nea12764 -9.8641 30.8167 -54.25
nea12766 -9.8828 30.9917 -50.50
nea12768 -9.8667 31.1717 -49.50
nea12770 -9.8960 31.3417 -55.25
nea12772 -9.8936 31.5083 -48.00
nea12774 -9.8333 31.6645 -48.75
nea12776 -9.8570 31.8417 -50.75
nea12778 -9.7917 32.0108 -50.75
nea12780 -9.6417 32.1370 -47.50
nea12782 -9.5833 32.3059 -47.01
nea12784 -9.4583 32.4446 -47.50
nea12786 -9.3320 32.5667 -50.50
nea12788 -9.1667 32.6795 -52.50
nea12790 -9.0250 32.8132 -53.75
nea12792 -8.8910 32.9500 -50.50
nea12794 -8.7667 33.0875 -46.25
nea12796 -8.6482 33.2333 -51.50
nea12798 -8.5115 33.3667 -48.50
nea12800 -8.3792 33.4833 -51.25
nea12802 -8.1667 33.4991 -51.25
nea12804 -7.9775 33.5833 -48.75
nea12806 -7.7833 33.6559 -50.50
nea12808 -7.5750 33.7067 -51.00
nea12810 -7.3750 33.7782 -47.50
nea12812 -7.2162 33.9000 -50.50
nea12814 -7.0083 33.9448 -45.00
nea12815 -7.0000 36.9862 -51.01
nea12817 -7.2167 37.0441 -51.48
nea12819 -7.4333 37.0700 -53.22
nea12821 -7.6500 37.0286 -56.02
nea12823 -7.8417 36.9500 -50.05
nea12825 -8.0583 36.9397 -48.29
nea12827 -8.2833 36.9650 -48.78
nea12829 -8.5000 36.9924 -50.26
nea12831 -8.7167 37.0012 -50.76
nea12833 -8.9333 37.0014 -62.71
nea12835 -8.9667 37.1392 -50.23
nea12837 -8.9167 37.3137 -47.57
nea12839 -8.8417 37.4764 -49.32
nea12841 -8.8286 37.6583 -42.91
nea12843 -8.8810 37.8333 -52.26
nea12845 -8.8765 38.0167 -47.65
nea12847 -8.8282 38.1917 -46.31
nea12849 -8.8789 38.3667 -47.06
nea12851 -9.0667 38.4242 -45.28
nea12854 -9.2667 38.5701 -58.75
nea12856 -9.4500 38.6623 -56.00
nea12858 -9.5151 38.8250 -51.25
nea12860 -9.4898 39.0000 -52.25
nea12862 -9.5167 39.1733 -50.50
nea12864 -9.4833 39.3250 -50.00
nea12867 -9.3194 39.4333 -49.00
nea12869 -9.1500 39.5544 -60.50
nea12871 -9.1083 39.7195 -48.75
nea12873 -9.0725 39.9000 -50.75
nea12875 -9.0375 40.0750 -49.00
nea12877 -8.9685 40.2417 -49.00
nea12879 -8.9556 40.4250 -50.75
nea12881 -8.9386 40.6083 -51.00
nea12883 -8.9333 40.7797 -48.25
nea12885 -8.9083 40.9486 -50.25
nea12887 -8.8642 41.1250 -50.75
nea12889 -8.8685 41.3083 -49.25
nea12891 -8.8417 41.4895 -51.75
nea12893 -8.9105 41.6583 -47.75
nea12895 -8.9492 41.8083 -50.75
nea12897 -8.9167 41.9875 -63.49
nea12899 -8.9226 42.1667 -57.00
nea12901 -8.9000 42.3434 -50.75
nea12903 -9.0592 42.4750 -48.75
nea12905 -9.1462 42.6333 -53.50
nea12907 -9.2120 42.8083 -45.00
nea12909 -9.3488 42.9500 -52.25
nea12911 -9.2809 43.1250 -53.50
nea12913 -9.0917 43.2215 -55.50
nea12915 -8.9083 43.3390 -56.75
nea12917 -8.6590 43.3500 -50.50
nea12919 -8.4250 43.3967 -55.50
nea12921 -8.3637 43.5667 -54.25
nea12923 -8.1585 43.6667 -49.75
nea12925 -7.9417 43.7573 -53.74
nea12927 -7.7041 43.8083 -49.75
nea12929 -7.4833 43.7500 -50.00
nea12931 -7.2750 43.6616 -44.75
nea12933 -7.0667 43.5765 -47.50
nea12935 -6.8250 43.6069 -50.51
nea12937 -6.5833 43.5894 -52.75
nea12939 -6.3333 43.5861 -44.75
nea12941 -6.0917 43.5969 -54.50
nea12943 -5.8667 43.6774 -41.25
nea12945 -5.6333 43.6115 -47.50
nea12947 -5.3917 43.5696 -44.75
nea12949 -5.1583 43.5124 -43.75
nea12951 -4.9083 43.5124 -46.00
nea12953 -4.6917 43.4323 -52.75
nea12955 -4.4417 43.4195 -43.50
nea12957 -4.2000 43.4446 -47.50
nea12959 -3.9750 43.5088 -49.25
nea12961 -3.7333 43.5204 -46.00
nea12963 -3.4833 43.5278 -47.25
nea12965 -3.2750 43.4290 -46.75
nea12967 -3.0333 43.4105 -47.50
nea12969 -2.8009 43.4583 -49.75
nea12971 -2.5663 43.4083 -49.75
nea12973 -2.3506 43.3250 -50.25
nea12975 -2.1000 43.3180 -48.74
nea12977 -1.8732 43.3833 -52.00
nea12979 -1.6667 43.4801 -54.00
nea12981 -1.5417 43.6326 -50.25
nea12983 -1.5250 43.8083 -50.00
nea12985 -1.5000 43.9917 -50.00
nea12987 -1.4377 44.1667 -52.25
nea12989 -1.4205 44.3417 -48.50
nea12991 -1.4861 44.5167 -49.00
nea12993 -1.5322 44.6833 -50.50
nea12995 -1.5942 44.8417 -49.25
nea12997 -1.5467 45.0083 -51.50
nea12999 -1.5298 45.1667 -50.75
nea13002 -1.6741 45.3583 -50.25
nea13004 -1.7083 45.4935 -49.25
nea13006 -1.6417 45.6667 -50.00
nea13008 -1.8333 45.7872 -51.50
nea13010 -1.8417 45.9646 -49.75
nea13012 -2.0417 46.0750 -50.00
nea13015 -2.3250 46.1021 -52.00
nea13019 -2.4000 46.3298 -52.00
nea13021 -2.3833 46.4917 -50.00
nea13023 -2.4688 46.6500 -50.25
nea13025 -2.5583 46.7852 -50.75
nea13027 -2.7417 46.9146 -49.00
nea13031 -2.9542 47.0500 -50.75
nea13033 -3.1398 47.1667 -50.50
nea13035 -3.3033 47.2917 -48.00
nea13037 -3.4035 47.4583 -48.75
nea13039 -3.5386 47.6083 -51.00
nea13041 -3.7750 47.6838 -50.25
nea13043 -4.0333 47.6305 -46.25
nea13045 -4.2591 47.7167 -49.50
nea13047 -4.4767 47.8167 -49.75
nea13049 -4.6917 47.8852 -51.25
nea13055 -4.8250 48.0952 -47.75
nea13057 -4.8725 48.2750 -50.75
nea13059 -5.0750 48.3675 -51.00
nea13062 -4.9000 48.4763 -48.00
nea13064 -4.7500 48.6201 -43.75
nea13066 -4.5122 48.7083 -48.50
nea13068 -4.2417 48.7379 -54.50
nea13070 -3.9750 48.7790 -45.25
nea13072 -3.7500 48.8813 -50.25
nea13074 -3.4833 48.9062 -51.75
nea13076 -3.2250 48.9314 -51.75
nea13078 -2.9583 48.9806 -51.75
nea13080 -2.8667 49.1471 -53.00
nea13082 -2.6083 49.1945 -49.75
nea13084 -2.3833 49.3000 -50.00
nea13087 -2.5833 49.3720 -49.00
nea13091 -2.5417 49.5579 -50.25
nea13093 -2.4225 49.7167 -51.50
nea13095 -2.1631 49.7583 -52.50
nea13097 -1.9037 49.7583 -48.00
nea13099 -1.6250 49.7500 -50.00
nea13101 -1.3583 49.7958 -48.75
nea13103 -1.1333 49.8953 -48.25
nea13105 -0.8917 49.9917 -50.00
nea13107 -0.6167 49.9857 -49.50
nea13122 -0.2833 50.3566 -51.00
nea13129 0.0667 50.6356 -51.50
nea13131 -0.2167 50.6100 -50.00
nea13133 -0.4917 50.5708 -54.50
nea13135 -0.7333 50.4783 -52.75
nea13137 -0.9560 50.3667 -49.00
nea13139 -1.2287 50.3250 -49.00
nea13141 -1.4945 50.3167 -49.50
nea13143 -1.7583 50.2750 -50.00
nea13145 -2.0000 50.3333 -50.00
nea13147 -2.2833 50.3533 -50.50
nea13149 -2.5667 50.3896 -50.00
nea13151 -2.8500 50.3694 -50.25
nea13153 -3.1333 50.3708 -50.50
nea13155 -3.4167 50.3312 -49.75
nea13157 -3.6167 50.2045 -47.25
nea13159 -3.8833 50.1555 -47.25
nea13161 -4.1380 50.2250 -51.00
nea13163 -4.3833 50.2839 -50.25
nea13165 -4.6500 50.2400 -49.50
nea13167 -4.8833 50.1383 -46.75
nea13169 -5.0571 50.0083 -48.25
nea13171 -5.3000 49.9470 -47.25
nea13173 -5.5222 50.0500 -51.25
nea13175 -5.7624 50.0667 -42.50
nea13177 -5.9497 50.2000 -50.50
nea13179 -5.7750 50.3405 -52.25
nea13181 -5.5000 50.3861 -48.75
nea13183 -5.3048 50.5167 -49.25
nea13185 -5.0667 50.6167 -50.00
nea13187 -4.9250 50.7625 -49.75
nea13189 -4.7631 50.9083 -50.75
nea13191 -4.7342 51.0917 -49.75
nea13195 -4.6917 51.2667 -50.00
nea13197 -4.8042 51.4333 -52.00
nea13199 -5.0917 51.4538 -51.25
nea13201 -5.2667 51.5917 -50.00
nea13203 -5.3500 51.7611 -50.25
nea13205 -5.4244 51.9000 -51.00
nea13207 -5.2000 51.9822 -50.50
nea13209 -5.0908 52.1417 -50.25
nea13211 -4.9333 52.2861 -49.75
nea13213 -4.8139 52.4500 -50.50
nea13215 -4.8083 52.6300 -50.50
nea13217 -4.8083 52.8006 -49.75
nea13219 -4.7333 52.9722 -50.25
nea13222 -4.9000 53.1167 -50.00
nea13225 -4.9750 53.3083 -50.00
nea13227 -4.8250 53.4312 -50.50
nea13230 -4.5500 53.5116 -46.75
nea13234 -4.4750 53.7000 -50.00
nea13236 -4.6417 53.8184 -51.25
nea13238 -4.7833 53.9467 -49.50
nea13241 -4.8881 54.1417 -51.50
nea13243 -4.8601 54.3250 -49.25
nea13245 -4.8057 54.4917 -54.25
nea13247 -4.9646 54.6333 -50.50
nea13249 -5.1250 54.7887 -47.50
nea13251 -5.2958 54.9417 -46.50
nea13253 -5.1933 55.1083 -49.00
nea13255 -5.3778 55.2417 -50.25
nea13257 -5.6583 55.2617 -52.75
nea13259 -5.8483 55.3750 -51.50
nea13261 -5.8250 55.5538 -48.50
nea13275 -6.0667 55.5784 -52.25
nea13277 -6.3417 55.5713 -46.25
nea13279 -6.6000 55.6372 -62.24
nea13281 -6.5632 55.8000 -56.75
nea13283 -6.6300 55.9750 -50.50
nea13285 -6.5250 56.1451 -48.75
nea13300 -6.5750 56.2895 -46.75
nea13304 -6.4809 56.4333 -44.25
nea13309 -6.1917 56.7726 -57.01
nea13323 -6.4667 57.2206 -54.00
nea13325 -6.7250 57.3118 -54.50
nea13329 -6.5668 57.6250 -49.75
nea13331 -6.3295 57.7417 -47.25
nea13333 -6.1282 57.6000 -58.74
nea13344 -5.8924 57.5333 -46.02
nea13346 -5.8051 57.7000 -55.00
nea13348 -5.8440 57.8750 -47.25
nea13350 -5.5250 57.9009 -48.25
nea13352 -5.4883 58.0750 -52.75
nea13355 -5.3215 58.2750 -49.26
nea13357 -5.2667 58.4250 -50.00
nea13359 -5.2023 58.6000 -49.25
nea13361 -4.8833 58.6606 -49.25
nea13363 -4.6000 58.6522 -49.00
nea13365 -4.2750 58.6018 -49.00
nea13367 -3.9417 58.6035 -47.00
nea13369 -3.6000 58.6355 -44.00
nea13371 -3.2750 58.6711 -57.00
nea13374 -3.0250 58.5538 -51.25
nea13376 -3.0417 58.4052 -48.50
nea13378 -3.2042 58.2500 -49.25
nea13380 -3.2983 58.0833 -49.75
nea13382 -3.4333 57.9280 -51.00
nea13386 -3.1750 57.7974 -52.75
nea13388 -2.8417 57.8158 -50.75
nea13390 -2.5583 57.7239 -51.25
nea13392 -2.2250 57.7365 -42.75
nea13394 -1.8917 57.7443 -48.75
nea13396 -1.7000 57.6256 -49.75
nea13398 -1.7333 57.4486 -49.75
nea13400 -1.8633 57.2833 -48.50
nea13402 -1.9955 57.1167 -52.50
nea13404 -2.0639 56.9417 -49.75
nea13407 -2.2071 56.7750 -49.75
nea13409 -2.2833 56.6056 -49.25
nea13411 -2.2250 56.3935 -50.50
nea13413 -2.4229 56.2500 -49.75
nea13415 -2.3250 56.0875 -49.00
nea13417 -2.1448 55.9417 -50.75
nea13419 -1.9083 55.8123 -47.25
nea13421 -1.6667 55.6925 -49.50
nea13423 -1.4750 55.5833 -50.00
nea13425 -1.4117 55.4000 -50.50
nea13427 -1.3152 55.2417 -49.50
nea13429 -1.2750 55.0639 -50.25
nea13431 -1.1333 54.9083 -50.00
nea13433 -0.9667 54.7611 -49.75
nea13435 -0.6917 54.6833 -50.00
nea13438 -0.4694 54.5500 -50.25
nea13440 -0.2750 54.4150 -50.25
nea13442 -0.1000 54.2667 -50.00
nea13444 0.2000 54.2538 -48.50
nea13451 0.6250 54.2977 -49.25
nea13453 0.7833 54.4571 -50.25
nea13457 1.0417 54.6667 -50.00
nea13459 1.1202 54.8417 -50.75
nea13461 1.2038 55.0167 -51.25
nea13463 1.2472 55.1917 -49.50
nea13465 1.3667 55.3567 -50.25
nea13467 1.6667 55.4000 -50.00
nea13469 1.9750 55.4310 -50.50
nea13471 2.2750 55.4792 -50.50
nea13473 2.5750 55.5250 -50.00
nea13475 2.8667 55.5958 -49.50
nea13477 3.1417 55.6817 -50.25
nea13479 3.4000 55.7333 -50.00
nea13481 3.7083 55.7714 -50.75
nea13483 3.9833 55.8405 -50.50
nea13485 4.2115 55.9667 -50.75
nea13487 4.5125 56.0333 -50.25
nea13489 4.8333 56.0625 -50.50
nea13491 5.0333 56.2042 -50.25
nea13494 5.4167 56.1722 -50.25
nea13500 5.5528 56.4833 -50.25
nea13502 5.8250 56.5733 -50.25
nea13504 6.0417 56.6833 -50.00
nea13506 6.1417 56.8542 -51.25
nea13508 6.4083 56.9556 -51.00
nea13510 6.7250 57.0052 -51.50
nea13512 7.0250 57.0861 -49.25
nea13514 7.3306 57.1417 -49.75
nea13516 7.5854 57.2417 -50.25
nea13518 7.9000 57.2821 -50.25
nea13520 8.1833 57.3477 -50.75
nea13522 8.4850 57.4167 -50.25
nea13524 8.7833 57.4903 -51.00
nea13526 9.0333 57.6075 -50.25
nea13528 9.2750 57.7315 -51.25
nea13534 9.6833 57.6821 -49.25
nea13536 10.0000 57.7217 -54.50
nea13538 10.3333 57.7476 -53.50
nea13540 10.6583 57.7766 -47.50
nea13542 10.9833 57.8042 -51.00
nea13555 11.6417 57.2953 -45.25
nea13557 11.6062 57.4750 -49.75
nea13559 11.5139 57.6500 -48.00
nea13561 11.3695 57.8083 -53.00
nea13563 11.3220 57.9833 -48.75
nea13565 11.2300 58.1583 -48.50
nea13567 11.1107 58.3167 -51.50
nea13569 11.1472 58.5000 -49.25
nea13571 11.0833 58.6731 -48.75
nea13575 10.9746 59.0083 -49.01
nea13577 10.7917 59.1486 -46.25
nea13579 10.6274 59.3000 -53.01
nea13587 10.5840 59.1583 -51.01
nea13589 10.4000 59.0190 -53.75
nea13591 10.0809 58.9417 -54.51
nea13594 9.7333 58.9050 -43.00
nea13596 9.4833 58.7813 -43.25
nea13600 9.0250 58.5216 -44.25
nea13602 8.7987 58.3917 -52.25
nea13604 8.5750 58.2583 -50.01
nea13606 8.3500 58.1314 -43.26
nea13608 8.0588 58.0417 -49.75
nea13612 7.4193 57.9667 -52.25
nea13614 7.0833 57.9725 -42.75
nea13616 6.7779 58.0250 -54.75
nea13620 6.3417 58.2369 -67.76
nea13622 6.1083 58.3531 -72.24
nea13624 5.8417 58.4609 -57.00
nea13626 5.6167 58.5807 -43.75
nea13628 5.4333 58.7333 -50.01
nea13631 5.4250 58.9417 -50.01
nea13641 5.3783 59.1750 -90.51
nea13644 5.1250 59.2880 -54.75
nea13646 5.2348 59.4500 -61.73
nea13650 5.0152 59.7833 -47.75
nea13652 5.0167 59.9657 -46.51
nea13654 5.0426 60.1333 -58.30
nea13656 4.9167 60.3006 -48.77
nea13660 4.7152 60.6333 -44.77
nea13662 4.7750 60.8058 -52.48
nea13664 4.7987 60.9833 -40.56
nea13667 4.6623 61.1917 -58.25
nea13669 4.9333 61.3071 -55.51
nea13674 5.1583 61.4573 -93.16
nea13680 4.8118 61.8667 -55.50
nea13682 4.9417 61.9954 -55.02
nea13685 5.2406 62.0917 -46.00
nea13691 5.3250 62.2603 -48.50
nea13693 5.5583 62.4054 -44.26
nea13696 5.8878 62.5167 -46.25
nea13698 5.9639 62.6833 -46.00
nea13700 6.1833 62.8137 -55.26
nea13705 6.9000 62.9738 -54.25
nea13707 7.2750 63.0257 -47.00
nea13712 7.7167 63.2897 -42.51
nea13714 7.7849 63.4500 -54.75
nea13717 8.2083 63.4303 -65.27
nea13719 8.3583 63.5916 -50.24
nea13721 8.4851 63.7417 -53.25
nea13729 8.8500 63.8733 -44.75
nea13731 8.9071 63.7167 -53.24
nea13733 9.1250 63.5999 -50.24
nea13737 9.5000 63.6809 -61.74
nea13739 9.5167 63.8628 -69.03
nea13743 9.9833 64.0810 -97.72
nea13745 10.2000 64.2323 -42.27
nea13747 10.4500 64.3676 -48.77
nea13757 10.8917 64.7367 -74.04
nea13759 10.5282 64.7750 -44.51
nea13761 10.5115 64.9417 -59.76
nea13763 10.8583 65.0318 -55.01
nea13765 11.1750 64.9936 -45.50
nea13767 11.5833 64.9801 -59.27
nea13770 11.7750 65.1427 -43.51
nea13772 12.0917 65.2568 -56.99
nea13776 11.9167 65.5507 -53.26
nea13778 11.4917 65.5104 -56.51
nea13781 11.5250 65.6962 -44.26
nea13783 11.6917 65.8560 -55.25
nea13785 12.0833 65.9296 -76.50
nea13788 12.1500 66.0982 -43.00
nea13790 12.3000 66.2581 -49.52
nea13793 12.5981 66.3917 -56.51
nea13796 12.4512 66.5667 -56.01
nea13801 12.9167 66.6229 -43.75
nea13803 12.9736 66.7833 -46.26
nea13805 13.3000 66.9053 -56.50
nea13807 13.5583 67.0575 -53.26
nea13811 14.2750 67.2534 -57.02
nea13813 14.5500 67.3958 -53.00
nea13815 14.8250 67.5388 -88.53
nea13819 14.4667 67.7141 -45.25
nea13821 14.6201 67.8833 -56.02
nea13823 15.0000 67.9921 -48.01
nea13825 15.3492 68.1083 -42.27
nea13835 15.0167 68.2198 -60.27
nea13839 14.5564 68.2167 -52.50
nea13841 14.1750 68.1218 -47.25
nea13843 13.7417 68.0752 -50.75
nea13845 13.3000 68.0022 -71.23
nea13847 12.9912 67.8667 -50.49
nea13849 12.8167 67.7026 -53.00
nea13854 12.7568 67.8667 -49.50
nea13856 12.8500 68.0361 -43.75
nea13858 13.1333 68.1764 -48.75
nea13860 13.5047 68.2917 -45.25
nea13862 13.9333 68.3797 -57.75
nea13866 14.8099 68.4583 -52.26
nea13870 14.4833 68.5948 -68.49
nea13872 14.3759 68.7333 -51.00
nea13874 14.7301 68.8250 -41.24
nea13876 14.9417 68.9821 -54.75
nea13883 15.3833 69.0187 -53.00
nea13885 15.5833 69.1629 -51.25
nea13892 15.9702 69.0500 -47.00
nea13894 15.9647 68.8750 -57.26
nea13917 16.8762 69.2333 -60.52
nea13919 17.0000 69.4068 -56.49
nea13922 17.4417 69.5245 -54.25
nea13932 17.9993 69.5833 -42.02
nea13935 18.3000 69.7600 -63.97
nea13937 18.6593 69.8750 -55.71
nea13940 18.3620 70.0417 -55.75
nea13942 18.5643 70.2083 -46.75
nea13945 19.0444 70.2583 -50.25
nea13949 19.5167 70.1411 -58.22
nea13958 20.1701 70.1167 -45.52
nea13985 20.8583 70.1629 -57.50
nea13987 21.1000 70.0160 -46.52
nea14001 21.3768 70.3667 -59.98
nea14003 21.8417 70.3608 -42.76
nea14006 21.9750 70.5417 -50.00
nea14008 21.9708 70.7000 -53.24
nea14010 22.4250 70.7927 -48.00
nea14014 22.7444 70.9083 -50.25
nea14016 23.2000 70.9142 -51.25
nea14035 24.1333 71.1205 -42.00
nea14042 24.9719 71.0833 -51.50
nea14045 19.4000 74.3333 -50.00
nea14047 18.8611 74.2250 -49.75
nea14049 18.4861 74.3750 -50.50
nea14051 18.5750 74.5500 -50.00
nea14053 19.2250 74.5720 -51.25
nea14056 -19.6333 75.8435 -44.50
nea14058 -19.4667 75.6700 -49.50
nea14060 -19.1917 75.5006 -49.75
nea14084 -18.7098 74.6250 -51.75
nea14086 -18.9690 74.4917 -53.50
nea14088 -19.0750 74.3208 -55.75
nea14092 -20.1417 74.1784 -65.75
nea14108 -20.0833 73.7511 -50.75
nea14110 -20.1775 73.5750 -52.50
nea14116 -21.6000 73.3521 -69.25
nea14118 -22.0520 73.2417 -69.75
nea14142 -21.9019 72.9750 -52.75
nea14144 -21.7651 72.8000 -49.50
nea14152 -22.3062 72.3167 -43.00
nea14156 -22.5083 72.1350 -62.25
nea14191 -22.5583 71.7758 -43.75
nea14195 -22.1083 71.5989 -53.50
nea14207 -21.6179 71.1917 -50.75
nea14209 -21.6333 71.0181 -48.75
nea14211 -21.6167 70.8446 -54.25
nea14213 -21.4429 70.6750 -51.75
nea14215 -21.5018 70.4917 -57.00
nea14217 -21.7833 70.3613 -88.75
nea14295 -22.2868 69.9833 -92.00
nea14297 -22.6667 69.8688 -63.50
nea14301 -23.3833 69.6226 -43.50
nea14303 -23.7500 69.4947 -58.00
nea14305 -24.1258 69.3833 -53.00
nea14307 -24.5750 69.3032 -62.50
nea14309 -24.9250 69.1836 -51.50
nea14311 -25.2363 69.0500 -92.50
nea14315 -25.8833 68.8371 -71.50
nea14319 -26.5417 68.6655 -46.50
nea14321 -27.0000 68.6192 -59.25
nea14323 -27.4083 68.5199 -65.00
nea14325 -27.8583 68.4534 -64.25
nea14327 -28.3333 68.4185 -101.75
nea14329 -28.6603 68.3250 -51.25
nea14331 -29.1315 68.2750 -43.00
nea14333 -29.6000 68.2288 -77.75
nea14335 -30.0167 68.1707 -94.50
nea14337 -30.4000 68.1080 -45.00
nea14339 -30.8667 68.0679 -75.50
nea14341 -31.3500 68.0680 -63.50
nea14343 -31.8167 68.1032 -65.75
nea14347 -32.4000 67.8910 -41.25
nea14349 -32.7010 67.7667 -54.00
nea14351 -33.0768 67.6583 -55.25
nea14353 -33.1917 67.4852 -44.25
nea14355 -33.2583 67.3017 -50.50
nea14360 -33.7917 66.9835 -56.25
nea14363 -33.9167 66.7951 -77.75
nea14367 -34.4417 66.5171 -51.75
nea14369 -34.6417 66.3592 -57.25
nea14371 -35.0255 66.2667 -50.75
nea14375 -35.6259 66.0833 -51.00
nea14377 -35.8750 65.9500 -50.00
nea14379 -36.1750 65.8343 -48.50
nea14385 -36.6978 65.6000 -47.25
nea14387 -37.0667 65.5117 -69.50
nea14398 -38.0083 65.6694 -54.00
nea14418 -38.3250 65.6098 -56.75
nea14420 -38.6833 65.5062 -42.50
nea14422 -39.1065 65.4583 -49.50
nea14425 -39.3669 65.3000 -50.25
nea14427 -39.5078 65.1500 -49.50
nea14429 -39.7830 65.0417 -49.75
nea14431 -40.1500 64.9595 -55.25
nea14442 -40.3860 64.6333 -64.00
nea14450 -40.6603 64.1917 -51.25
nea14454 -40.5907 63.8583 -48.25
nea14456 -40.5417 63.6768 -57.75
nea14458 -40.6250 63.5228 -52.00
nea14460 -40.8718 63.3917 -43.75
nea14464 -41.1966 63.1333 -45.25
nea14466 -41.4642 63.0000 -44.50
nea14470 -41.8583 62.7199 -42.75
nea14472 -42.1750 62.6237 -42.00
nea14476 -42.1529 62.4167 -71.75
nea14479 -42.2000 62.2193 -54.00
nea14481 -42.1364 62.0417 -54.00
nea14483 -42.0715 61.8667 -45.25
nea14486 -42.1446 61.6667 -48.50
nea14488 -42.3000 61.5282 -62.75
nea14490 -42.4833 61.3695 -66.50
nea14492 -42.5668 61.2000 -51.50
nea14497 -42.7606 60.8417 -61.50
nea14499 -42.7056 60.6750 -45.50
nea14501 -42.8333 60.5113 -57.75
nea14505 -43.0000 60.2870 -56.00
nea14507 -43.0917 60.1111 -50.75
nea14509 -43.1842 59.9417 -51.75
nea14511 -43.5023 59.8583 -57.25
nea14518 -44.5250 59.9349 -62.50
nea14520 -44.8583 59.9917 -50.00
nea14524 -45.1417 59.9022 -54.75
nea14526 -45.3798 60.0250 -56.00
nea14528 -45.4661 60.1833 -50.75
nea14534 -45.7318 60.4083 -48.25
nea14536 -46.0417 60.4779 -54.25
nea14538 -46.1500 60.6190 -60.00
nea14546 -46.5500 60.7366 -74.75
nea14549 -46.9582 60.7667 -49.75
nea14551 -47.2500 60.7321 -47.25
nea14553 -47.5333 60.7927 -52.75
nea14555 -47.7167 60.6697 -59.75
nea14557 -48.0833 60.6885 -41.00
nea14559 -48.3583 60.8069 -45.75
nea14565 -48.6833 61.2273 -63.00
nea14570 -49.3083 61.4083 -50.00
nea14572 -49.4833 61.5486 -49.50
nea14574 -49.6417 61.7089 -51.00
nea14576 -49.7311 61.8833 -52.50
nea14578 -49.8612 62.0333 -42.75
nea14583 -18.0917 75.4346 -46.50
nea14585 -17.7963 75.2833 -44.50
nea14587 -17.8333 75.1170 -49.50
nea14590 -17.3417 75.0018 -52.75
nea14593 -18.1808 75.0000 -49.00
nea14601 -18.3333 75.3477 -54.75
nea14603 -22.7333 66.5917 -50.00
nea14605 -22.4030 66.4750 -51.25
nea14607 -22.0333 66.4237 -51.00
nea14609 -21.6083 66.3738 -50.75
nea14611 -21.3917 66.2172 -49.50
nea14613 -21.3327 66.0417 -49.75
nea14615 -21.2766 65.8583 -62.25
nea14617 -21.2583 65.6989 -49.25
nea14623 -20.8306 65.6500 -50.25
nea14626 -20.4667 65.7057 -53.00
nea14628 -20.3703 65.8750 -43.25
nea14630 -20.5308 66.0417 -50.75
nea14633 -20.0637 66.1417 -47.50
nea14635 -19.8917 65.9748 -50.25
nea14640 -19.5765 66.0167 -47.75
nea14642 -19.3500 66.1446 -51.75
nea14644 -19.0000 66.2149 -52.00
nea14646 -18.6417 66.1607 -41.00
nea14657 -17.9417 66.1800 -53.75
nea14659 -17.6860 66.0333 -69.98
nea14661 -17.3981 66.1083 -52.25
nea14663 -17.1283 66.2500 -44.25
nea14665 -16.7750 66.1463 -60.00
nea14667 -16.5083 66.2767 -51.50
nea14669 -16.6769 66.4417 -47.50
nea14671 -16.3750 66.5692 -47.25
nea14673 -15.9721 66.5500 -47.50
nea14675 -15.6750 66.4203 -44.25
nea14678 -15.3667 66.2907 -50.50
nea14681 -14.9417 66.4000 -50.00
nea14683 -14.4917 66.4083 -50.00
nea14685 -14.7583 66.2829 -49.75
nea14687 -15.0167 66.1389 -40.98
nea14690 -14.6000 66.0070 -50.75
nea14692 -14.6523 65.8333 -55.75
nea14696 -14.3167 65.7084 -49.75
nea14700 -13.5750 65.5264 -48.50
nea14702 -13.6250 65.3667 -50.00
nea14704 -13.6250 65.2176 -59.48
nea14706 -13.4333 65.0859 -47.25
nea14712 -13.7387 64.7750 -47.75
nea14714 -14.0917 64.6784 -66.25
nea14718 -14.2833 64.4793 -54.50
nea14720 -14.5500 64.3424 -50.75
nea14722 -14.8750 64.2307 -47.50
nea14724 -15.2500 64.1657 -49.50
nea14726 -15.6500 64.1278 -52.25
nea14730 -16.3250 63.9687 -54.49
nea14732 -16.4477 63.8000 -49.25
nea14734 -16.8167 63.7692 -56.75
nea14736 -17.2182 63.7583 -50.50
nea14738 -17.6083 63.7058 -44.25
nea14740 -17.8417 63.5617 -54.75
nea14742 -18.1250 63.4369 -57.50
nea14744 -18.5167 63.4017 -54.75
nea14746 -18.9083 63.3675 -51.00
nea14748 -19.3083 63.3906 -48.00
nea14750 -19.6667 63.4753 -50.50
nea14752 -20.0583 63.5004 -50.75
nea14754 -20.4167 63.5750 -50.00
nea14756 -20.7333 63.6500 -50.00
nea14759 -21.0500 63.8016 -53.00
nea14761 -21.4250 63.8184 -52.50
nea14763 -21.8167 63.8330 -49.25
nea14767 -22.6167 63.8036 -69.25
nea14769 -22.7950 63.9583 -45.25
nea14771 -22.7872 64.1333 -48.50
nea14775 -22.4333 64.3106 -47.50
nea14779 -22.5167 64.4988 -49.75
nea14781 -22.7500 64.6357 -51.00
nea14783 -23.1083 64.7333 -50.00
nea14785 -23.5250 64.7384 -48.25
nea14787 -23.9361 64.7333 -48.75
nea14789 -24.0000 64.9044 -58.50
nea14791 -23.6089 64.9750 -49.75
nea14793 -23.2917 65.0906 -52.25
nea14798 -23.5167 65.2777 -52.00
nea14801 -23.8833 65.3269 -50.75
nea14803 -24.2667 65.4071 -49.75
nea14805 -24.6917 65.4333 -50.00
nea14807 -24.7833 65.5927 -49.75
nea14809 -24.5444 65.7417 -49.75
nea14811 -24.3806 65.9083 -50.25
nea14813 -24.1861 66.0667 -49.50
nea14815 -23.9148 66.2000 -50.50
nea14817 -23.5833 66.2601 -48.75
nea14827 -23.3083 66.3871 -51.25
nea14829 -23.0167 66.5052 -52.25
nea14831 -22.5750 66.5220 -46.25
nea14833 -18.0250 66.6007 -48.75
nea14846 -8.0833 71.1585 -44.80
nea14850 -8.5839 70.9333 -50.75
nea14857 -6.5833 62.4182 -45.25
nea14860 -6.2763 62.2750 -59.99
nea14862 -6.5167 62.1378 -54.50
nea14864 -6.5190 61.9583 -52.00
nea14868 -6.6373 61.7917 -54.00
nea14871 -6.9500 61.8928 -53.24
nea14873 -7.1750 62.0179 -61.72
nea14877 -7.2728 62.1917 -66.49
nea14881 -6.7250 62.3588 -49.25
nea14887 -6.9833 61.6683 -45.75
nea14889 -6.7196 61.5417 -53.75
nea14896 -0.8667 60.8686 -46.01
nea14898 -0.7917 60.7046 -46.50
nea14900 -0.8747 60.5500 -49.74
nea14902 -1.0583 60.4032 -57.00
nea14906 -1.0500 60.2227 -47.25
nea14909 -1.1322 60.0083 -48.75
nea14912 -1.3775 60.0833 -47.50
nea14914 -1.6417 60.2035 -72.49
nea14917 -1.4500 60.3979 -59.48
nea14919 -1.5638 60.5583 -56.25
nea14922 -1.2000 60.6540 -43.25
nea14924 -0.9583 60.7773 -52.24
nea14926 -2.0750 60.1672 -48.74
nea14929 -1.6500 59.5684 -47.50
nea14932 -7.1556 55.5083 -49.25
nea14935 -6.9226 55.3833 -49.50
nea14937 -6.7333 55.2640 -52.50
nea14939 -6.4167 55.2596 -45.25
nea14941 -6.1083 55.2306 -57.25
nea14943 -5.9667 55.0703 -45.99
nea14945 -5.8167 54.9149 -53.00
nea14947 -5.6417 54.7717 -54.75
nea14949 -5.4250 54.6452 -48.50
nea14951 -5.3490 54.4750 -48.50
nea14953 -5.4219 54.3000 -49.25
nea14955 -5.4833 54.1404 -49.50
nea14957 -5.6833 54.0021 -50.50
nea14959 -5.8276 53.8583 -51.00
nea14961 -5.9009 53.6833 -50.25
nea14963 -5.8417 53.5069 -50.25
nea14965 -5.7500 53.3379 -51.25
nea14967 -5.6911 53.1833 -49.75
nea14969 -5.6633 53.0083 -44.50
nea14971 -5.7750 52.8635 -49.25
nea14973 -5.8889 52.7000 -49.75
nea14975 -6.0028 52.5417 -51.00
nea14977 -6.0372 52.3583 -51.75
nea14979 -6.1761 52.2083 -52.00
nea14981 -6.3583 52.0776 -51.00
nea14983 -6.5529 51.9500 -51.75
nea14985 -6.7583 52.0833 -50.00
nea14987 -7.0167 52.0042 -49.00
nea14989 -7.3000 51.9979 -49.75
nea14991 -7.5583 51.9117 -51.50
nea14993 -7.8000 51.8128 -48.50
nea14995 -8.0667 51.7360 -53.00
nea14997 -8.3333 51.6721 -46.00
nea14999 -8.5750 51.5681 -52.00
nea15001 -8.8583 51.5261 -51.25
nea15003 -9.1250 51.4525 -52.00
nea15005 -9.4083 51.4462 -42.49
nea15007 -9.6833 51.4565 -49.00
nea15010 -9.9167 51.6012 -52.75
nea15012 -10.1239 51.6667 -52.00
nea15014 -10.3546 51.7750 -53.25
nea15016 -10.3646 51.9417 -55.99
nea15019 -10.6306 52.0667 -53.75
nea15021 -10.4417 52.2043 -69.48
nea15023 -10.1947 52.3000 -48.98
nea15025 -10.0917 52.4637 -53.50
nea15027 -9.9083 52.5962 -51.50
nea15029 -9.6750 52.7044 -54.25
nea15031 -9.5306 52.8667 -51.75
nea15033 -9.4493 53.0417 -50.50
nea15035 -9.6968 53.0917 -53.99
nea15037 -9.8250 53.2146 -46.50
nea15039 -10.0750 53.2979 -47.76
nea15041 -10.2831 53.4250 -50.25
nea15043 -10.3271 53.6000 -45.00
nea15045 -10.1667 53.7443 -51.25
nea15047 -10.2264 53.8833 -49.25
nea15049 -10.3333 54.0516 -53.50
nea15051 -10.2250 54.2170 -49.75
nea15053 -9.9750 54.3204 -44.75
nea15055 -9.6667 54.3496 -50.25
nea15057 -9.3667 54.3456 -47.75
nea15059 -9.0667 54.3552 -50.75
nea15061 -8.7667 54.3917 -50.00
nea15063 -8.5500 54.4967 -51.00
nea15066 -8.7083 54.6214 -44.99
nea15069 -8.6429 54.8000 -49.75
nea15071 -8.6383 54.9833 -51.50
nea15073 -8.4667 55.1250 -50.00
nea15075 -8.2833 55.2708 -46.25
nea15077 -7.9667 55.2764 -49.75
nea15079 -7.7000 55.3700 -49.50
nea15081 -7.4083 55.4333 -50.00
nea15083 -2.8167 59.4515 -48.50
nea15086 -2.4583 59.4442 -46.50
nea15088 -2.3000 59.3098 -50.75
nea15090 -2.4226 59.1417 -49.00
nea15092 -2.5917 58.9833 -50.00
nea15094 -2.7667 58.8500 -50.00
nea15096 -3.0333 58.7880 -44.00
nea15098 -3.3495 58.8083 -51.24
nea15100 -3.3911 58.9583 -50.50
nea15102 -3.3917 59.1373 -46.75
nea15104 -3.1615 59.2583 -46.00
nea15108 -5.8750 59.1519 -46.25
nea15111 -6.2750 58.5801 -54.01
nea15113 -6.1211 58.4250 -48.25
nea15115 -6.1291 58.2417 -65.50
nea15117 -6.3484 58.1083 -48.50
nea15119 -6.4583 57.9423 -52.24
nea15121 -6.7000 57.8250 -50.00
nea15123 -6.9738 57.7167 -45.75
nea15125 -7.1083 57.5520 -53.50
nea15127 -7.1833 57.3819 -47.75
nea15129 -7.2315 57.2083 -45.75
nea15131 -7.2667 57.0341 -51.76
nea15133 -7.4414 56.8833 -49.50
nea15135 -7.6167 56.7370 -55.25
nea15138 -7.8250 56.9061 -48.75
nea15140 -7.8417 57.0827 -49.75
nea15142 -7.7879 57.2583 -53.75
nea15144 -7.7712 57.4417 -54.50
nea15146 -7.8576 57.6083 -50.75
nea15148 -7.6917 57.7594 -49.25
nea15150 -7.5216 57.8917 -56.00
nea15152 -7.2833 58.0184 -48.50
nea15154 -7.1633 58.1833 -57.75
nea15156 -6.9250 58.3028 -48.74
nea15158 -6.7323 58.4167 -50.25
nea15160 -6.4333 58.4998 -50.25
nea15162 -8.6417 57.8411 -52.74
nea15165 -8.5250 57.8925 -49.25
nea15170 -6.6134 56.5667 -46.00
nea15172 -6.8000 56.4218 -47.00
nea15174 -7.0664 56.3167 -49.75
nea15178 -7.2944 56.4833 -48.75
nea15180 -7.0333 56.5861 -47.75
nea15182 -6.7333 56.6508 -49.25
nea15185 -6.3500 49.9855 -46.00
nea15188 -6.4583 49.8553 -43.26
nea15196 -28.6039 38.5333 -61.75
nea15198 -28.8044 38.5750 -102.52
nea15203 -31.2613 39.3667 -43.74
nea15205 -31.2167 39.5339 -47.99
nea15206 -28.0500 39.1003 -47.75
nea15210 -28.3250 38.7669 -48.28
nea15214 -27.9000 38.6209 -96.20
nea15221 -25.1167 37.0225 -60.48
nea15224 -25.8000 37.9171 -46.52
nea15226 -25.6000 37.8310 -63.25
nea15228 -25.3750 37.8564 -53.26
nea15230 -25.1500 37.8582 -51.01
nea15233 -25.3500 37.7166 -48.73
nea15235 -25.5750 37.7320 -45.24
nea15237 -25.7833 37.7756 -53.00
nea15240 -28.5000 38.5776 -48.75
nea15242 -28.2912 38.5167 -45.78
nea15244 -28.0833 38.4486 -84.28
nea15246 -28.3000 38.4114 -142.29
nea15248 -28.5218 38.4583 -102.28
nea15252 -27.0500 38.7705 -42.01
nea15258 -27.2821 38.8083 -52.50
nea15261 -17.0083 32.8312 -72.27
nea15271 -17.2417 32.8496 -52.75
nea15272 -16.3750 33.1198 -45.25
nea15275 -16.5583 32.6178 -46.01
nea15280 -17.3008 28.2167 -52.23
nea15282 -17.1083 28.1498 -50.96
nea15284 -17.2201 28.0167 -70.75
nea15286 -17.3561 28.1250 -75.99
nea15288 -15.7000 28.1921 -47.77
nea15290 -15.5000 28.1551 -70.77
nea15292 -15.3833 28.0546 -54.25
nea15294 -15.3773 27.8750 -62.24
nea15296 -15.4917 27.7411 -47.26
nea15298 -15.6917 27.6912 -46.26
nea15300 -15.8118 27.8333 -46.75
nea15302 -15.8491 28.0083 -52.25
nea15304 -15.7230 28.1417 -58.99
nea15316 -13.4667 29.2588 -49.75
nea15326 -13.8110 28.5583 -64.27
nea15328 -13.8513 28.3833 -57.01
nea15330 -13.8833 28.2027 -54.52
nea15332 -14.0833 28.1778 -62.28
nea15336 -14.4388 28.0500 -57.52
nea15338 -14.5988 27.9500 -50.75
nea15340 -14.5485 28.1250 -52.75
nea15342 -14.3583 28.1472 -53.75
nea15344 -14.2814 28.3000 -54.75
nea15348 -14.0884 28.6250 -72.26
nea15353 -13.8417 28.9539 -44.26
nea15355 -13.7333 29.0917 -49.75
nea15357 -13.5440 29.1750 -46.25
nea15359 -13.5213 29.3583 -58.51
nea15363 -17.7503 28.7917 -55.02
nea15365 -17.7511 28.6083 -71.50
nea15369 -17.9562 28.6417 -62.51
nea15371 -17.9856 28.8167 -46.23
nea15375 -16.1917 28.4916 -49.02
nea15381 -16.5102 28.0500 -57.76
nea15383 -16.7073 28.0083 -58.80
nea15385 -16.8130 28.1583 -76.50
nea15387 -16.9004 28.3167 -47.71
nea15395 -16.2140 28.6000 -53.25
nea15397 -22.8333 16.2936 -48.26
nea15399 -22.6667 16.2053 -67.52
nea15401 -22.6442 16.0333 -51.50
nea15405 -22.9750 15.9679 -49.75
nea15407 -22.9945 16.1250 -47.25
nea15409 -22.9000 16.2691 -45.34
nea15411 -24.7500 14.9007 -40.28
nea15425 -23.0950 15.3000 -66.02
nea15427 -23.1288 15.1250 -66.99
nea15430 -23.2583 15.2554 -58.76
nea15432 -23.1667 15.4098 -49.00
nea15434 -25.1250 17.2000 -49.76
nea15436 -24.9670 17.1167 -54.80
nea15438 -25.0898 16.9917 -41.51
nea15440 -25.2417 16.9121 -130.28
nea15446 -24.3583 16.6752 -47.48
nea15448 -24.1833 16.6391 -84.14
nea15452 -24.1917 16.5857 -81.44
nea15462 -23.0140 16.6750 -55.77
nea15464 -22.9753 16.8500 -47.27
nea15469 -23.4810 15.0917 -41.49
nea15474 -23.7249 14.9833 -51.21
nea15476 -23.7635 15.1500 -146.74
nea15481 -24.8451 16.8750 -57.51
nea15483 -24.7167 16.7460 -108.52
nea15487 -24.8833 16.8103 -73.73
nea15489 -25.0589 16.7750 -42.57
nea15491 -25.0189 16.9083 -46.25
